Drive already SUBSTed
]633;P;IsWindows=True[08:32:46] [INFO] Fetching WBS + project data from data model...
[08:32:47] [INFO] WBS: projects=43  features=751  stories=2165
[08:32:47] [INFO] Building per-project ADO artifacts...
[08:32:47] [BUILT] 01-documentation-generator  features=10  stories=11  -> C:\AICOE\eva-foundation\48-eva-veritas\.evidence\20260225-ado-seed\artifacts\01-documentation-generator.json
[08:32:47] [BUILT] 02-poc-agent-skills  features=8  stories=18  -> C:\AICOE\eva-foundation\48-eva-veritas\.evidence\20260225-ado-seed\artifacts\02-poc-agent-skills.json
[08:32:47] [BUILT] 03-poc-enhanced-docs  features=9  stories=20  -> C:\AICOE\eva-foundation\48-eva-veritas\.evidence\20260225-ado-seed\artifacts\03-poc-enhanced-docs.json
[08:32:47] [BUILT] 05-extract-cases  features=8  stories=8  -> C:\AICOE\eva-foundation\48-eva-veritas\.evidence\20260225-ado-seed\artifacts\05-extract-cases.json
[08:32:47] [BUILT] 06-jp-auto-extraction  features=16  stories=34  -> C:\AICOE\eva-foundation\48-eva-veritas\.evidence\20260225-ado-seed\artifacts\06-jp-auto-extraction.json
[08:32:47] [BUILT] 07-foundation-layer  features=9  stories=19  -> C:\AICOE\eva-foundation\48-eva-veritas\.evidence\20260225-ado-seed\artifacts\07-foundation-layer.json
[08:32:47] [BUILT] 09-eva-repo-documentation  features=4  stories=6  -> C:\AICOE\eva-foundation\48-eva-veritas\.evidence\20260225-ado-seed\artifacts\09-eva-repo-documentation.json
[08:32:47] [BUILT] 10-mkdocs-poc  features=13  stories=26  -> C:\AICOE\eva-foundation\48-eva-veritas\.evidence\20260225-ado-seed\artifacts\10-mkdocs-poc.json
[08:32:47] [BUILT] 11-ms-infojp  features=47  stories=182  -> C:\AICOE\eva-foundation\48-eva-veritas\.evidence\20260225-ado-seed\artifacts\11-ms-infojp.json
[08:32:47] [BUILT] 12-work-spc-reorg  features=12  stories=40  -> C:\AICOE\eva-foundation\48-eva-veritas\.evidence\20260225-ado-seed\artifacts\12-work-spc-reorg.json
[08:32:47] [BUILT] 13-vscode-tools  features=13  stories=40  -> C:\AICOE\eva-foundation\48-eva-veritas\.evidence\20260225-ado-seed\artifacts\13-vscode-tools.json
[08:32:47] [BUILT] 16-engineered-case-law  features=14  stories=17  -> C:\AICOE\eva-foundation\48-eva-veritas\.evidence\20260225-ado-seed\artifacts\16-engineered-case-law.json
[08:32:47] [BUILT] 17-apim  features=13  stories=18  -> C:\AICOE\eva-foundation\48-eva-veritas\.evidence\20260225-ado-seed\artifacts\17-apim.json
[08:32:47] [BUILT] 18-azure-best  features=11  stories=22  -> C:\AICOE\eva-foundation\48-eva-veritas\.evidence\20260225-ado-seed\artifacts\18-azure-best.json
[08:32:47] [BUILT] 19-ai-gov  features=2  stories=7  -> C:\AICOE\eva-foundation\48-eva-veritas\.evidence\20260225-ado-seed\artifacts\19-ai-gov.json
[08:32:47] [BUILT] 20-AssistMe  features=12  stories=15  -> C:\AICOE\eva-foundation\48-eva-veritas\.evidence\20260225-ado-seed\artifacts\20-AssistMe.json
[08:32:47] [BUILT] 21-habit-tracker  features=12  stories=24  -> C:\AICOE\eva-foundation\48-eva-veritas\.evidence\20260225-ado-seed\artifacts\21-habit-tracker.json
[08:32:47] [BUILT] 22-rg-sandbox  features=13  stories=29  -> C:\AICOE\eva-foundation\48-eva-veritas\.evidence\20260225-ado-seed\artifacts\22-rg-sandbox.json
[08:32:47] [BUILT] 23-ei-dsst-rewrite  features=14  stories=4  -> C:\AICOE\eva-foundation\48-eva-veritas\.evidence\20260225-ado-seed\artifacts\23-ei-dsst-rewrite.json
[08:32:47] [BUILT] 25-eva-suite  features=4  stories=11  -> C:\AICOE\eva-foundation\48-eva-veritas\.evidence\20260225-ado-seed\artifacts\25-eva-suite.json
[08:32:47] [BUILT] 26-eva-gh  features=142  stories=728  -> C:\AICOE\eva-foundation\48-eva-veritas\.evidence\20260225-ado-seed\artifacts\26-eva-gh.json
[08:32:47] [BUILT] 27-devbench  features=12  stories=9  -> C:\AICOE\eva-foundation\48-eva-veritas\.evidence\20260225-ado-seed\artifacts\27-devbench.json
[08:32:47] [BUILT] 28-rbac  features=20  stories=43  -> C:\AICOE\eva-foundation\48-eva-veritas\.evidence\20260225-ado-seed\artifacts\28-rbac.json
[08:32:47] [BUILT] 29-foundry  features=21  stories=56  -> C:\AICOE\eva-foundation\48-eva-veritas\.evidence\20260225-ado-seed\artifacts\29-foundry.json
[08:32:48] [BUILT] 30-ui-bench  features=3  stories=8  -> C:\AICOE\eva-foundation\48-eva-veritas\.evidence\20260225-ado-seed\artifacts\30-ui-bench.json
[08:32:48] [BUILT] 31-eva-faces  features=22  stories=74  -> C:\AICOE\eva-foundation\48-eva-veritas\.evidence\20260225-ado-seed\artifacts\31-eva-faces.json
[08:32:48] [BUILT] 32-logging  features=3  stories=9  -> C:\AICOE\eva-foundation\48-eva-veritas\.evidence\20260225-ado-seed\artifacts\32-logging.json
[08:32:48] [BUILT] 33-eva-brain-v2  features=39  stories=111  -> C:\AICOE\eva-foundation\48-eva-veritas\.evidence\20260225-ado-seed\artifacts\33-eva-brain-v2.json
[08:32:48] [WARN] 34-eva-agents has WBS project node but no features -- skipping ADO artifact
[08:32:48] [BUILT] 35-agentic-code-fixing  features=19  stories=18  -> C:\AICOE\eva-foundation\48-eva-veritas\.evidence\20260225-ado-seed\artifacts\35-agentic-code-fixing.json
[08:32:48] [BUILT] 36-red-teaming  features=17  stories=14  -> C:\AICOE\eva-foundation\48-eva-veritas\.evidence\20260225-ado-seed\artifacts\36-red-teaming.json
[08:32:48] [BUILT] 37-data-model  features=24  stories=42  -> C:\AICOE\eva-foundation\48-eva-veritas\.evidence\20260225-ado-seed\artifacts\37-data-model.json
[08:32:48] [BUILT] 38-ado-poc  features=6  stories=13  -> C:\AICOE\eva-foundation\48-eva-veritas\.evidence\20260225-ado-seed\artifacts\38-ado-poc.json
[08:32:48] [BUILT] 39-ado-dashboard  features=8  stories=22  -> C:\AICOE\eva-foundation\48-eva-veritas\.evidence\20260225-ado-seed\artifacts\39-ado-dashboard.json
[08:32:48] [BUILT] 40-eva-control-plane  features=13  stories=9  -> C:\AICOE\eva-foundation\48-eva-veritas\.evidence\20260225-ado-seed\artifacts\40-eva-control-plane.json
[08:32:48] [BUILT] 41-eva-cli  features=10  stories=12  -> C:\AICOE\eva-foundation\48-eva-veritas\.evidence\20260225-ado-seed\artifacts\41-eva-cli.json
[08:32:48] [BUILT] 42-learn-foundry  features=23  stories=54  -> C:\AICOE\eva-foundation\48-eva-veritas\.evidence\20260225-ado-seed\artifacts\42-learn-foundry.json
[08:32:48] [BUILT] 43-spark  features=12  stories=5  -> C:\AICOE\eva-foundation\48-eva-veritas\.evidence\20260225-ado-seed\artifacts\43-spark.json
[08:32:48] [BUILT] 44-eva-jp-spark  features=9  stories=24  -> C:\AICOE\eva-foundation\48-eva-veritas\.evidence\20260225-ado-seed\artifacts\44-eva-jp-spark.json
[08:32:48] [BUILT] 45-aicoe-page  features=7  stories=20  -> C:\AICOE\eva-foundation\48-eva-veritas\.evidence\20260225-ado-seed\artifacts\45-aicoe-page.json
[08:32:48] [BUILT] 46-accelerator  features=6  stories=23  -> C:\AICOE\eva-foundation\48-eva-veritas\.evidence\20260225-ado-seed\artifacts\46-accelerator.json
[08:32:48] [BUILT] 48-eva-veritas  features=18  stories=53  -> C:\AICOE\eva-foundation\48-eva-veritas\.evidence\20260225-ado-seed\artifacts\48-eva-veritas.json
[08:32:48] [BUILT] 49-eva-dtl  features=8  stories=22  -> C:\AICOE\eva-foundation\48-eva-veritas\.evidence\20260225-ado-seed\artifacts\49-eva-dtl.json
[08:32:48] 
[08:32:48] [INFO] Artifact generation complete: built=42  skipped=1
[08:32:48] [INFO] Total PBIs staged: 1920
[08:32:48] 
[08:32:48] === ADO IMPORT (DRY RUN) ===
[08:32:48] [INFO] Importing 42 project artifact files...
[08:32:48] [START] Import: 01-documentation-generator
[08:32:49] [DONE] 01-documentation-generator
[08:32:49] [START] Import: 02-poc-agent-skills
[08:32:51] [DONE] 02-poc-agent-skills
[08:32:51] [START] Import: 03-poc-enhanced-docs
[08:32:52] [DONE] 03-poc-enhanced-docs
[08:32:52] [START] Import: 05-extract-cases
[08:32:54] [DONE] 05-extract-cases
[08:32:54] [START] Import: 06-jp-auto-extraction
[08:32:55] [DONE] 06-jp-auto-extraction
[08:32:55] [START] Import: 07-foundation-layer
[08:32:57] [DONE] 07-foundation-layer
[08:32:57] [START] Import: 09-eva-repo-documentation
[08:32:58] [DONE] 09-eva-repo-documentation
[08:32:58] [START] Import: 10-mkdocs-poc
[08:33:00] [DONE] 10-mkdocs-poc
[08:33:00] [START] Import: 11-ms-infojp
[08:33:02] [DONE] 11-ms-infojp
[08:33:02] [START] Import: 12-work-spc-reorg
[08:33:03] [DONE] 12-work-spc-reorg
[08:33:03] [START] Import: 13-vscode-tools
[08:33:05] [DONE] 13-vscode-tools
[08:33:05] [START] Import: 16-engineered-case-law
[08:33:07] [DONE] 16-engineered-case-law
[08:33:07] [START] Import: 17-apim
[08:33:08] [DONE] 17-apim
[08:33:08] [START] Import: 18-azure-best
[08:33:10] [DONE] 18-azure-best
[08:33:10] [START] Import: 19-ai-gov
[08:33:11] [DONE] 19-ai-gov
[08:33:11] [START] Import: 20-AssistMe
[08:33:12] [DONE] 20-AssistMe
[08:33:12] [START] Import: 21-habit-tracker
[08:33:14] [DONE] 21-habit-tracker
[08:33:14] [START] Import: 22-rg-sandbox
[08:33:15] [DONE] 22-rg-sandbox
[08:33:15] [START] Import: 23-ei-dsst-rewrite
[08:33:17] [DONE] 23-ei-dsst-rewrite
[08:33:17] [START] Import: 25-eva-suite
[08:33:18] [DONE] 25-eva-suite
[08:33:18] [START] Import: 26-eva-gh
[08:33:23] [DONE] 26-eva-gh
[08:33:23] [START] Import: 27-devbench
[08:33:24] [DONE] 27-devbench
[08:33:24] [START] Import: 28-rbac
[08:33:26] [DONE] 28-rbac
[08:33:26] [START] Import: 29-foundry
[08:33:27] [DONE] 29-foundry
[08:33:27] [START] Import: 30-ui-bench
[08:33:28] [DONE] 30-ui-bench
[08:33:28] [START] Import: 31-eva-faces
[08:33:30] [DONE] 31-eva-faces
[08:33:30] [START] Import: 32-logging
[08:33:31] [DONE] 32-logging
[08:33:31] [START] Import: 33-eva-brain-v2
[08:33:33] [DONE] 33-eva-brain-v2
[08:33:33] [START] Import: 35-agentic-code-fixing
[08:33:35] [DONE] 35-agentic-code-fixing
[08:33:35] [START] Import: 36-red-teaming
[08:33:36] [DONE] 36-red-teaming
[08:33:36] [START] Import: 37-data-model
[08:33:38] [DONE] 37-data-model
[08:33:38] [START] Import: 38-ado-poc
[08:33:39] [DONE] 38-ado-poc
[08:33:39] [START] Import: 39-ado-dashboard
[08:33:41] [DONE] 39-ado-dashboard
[08:33:41] [START] Import: 40-eva-control-plane
[08:33:43] [DONE] 40-eva-control-plane
[08:33:43] [START] Import: 41-eva-cli
[08:33:44] [DONE] 41-eva-cli
[08:33:44] [START] Import: 42-learn-foundry
[08:33:46] [DONE] 42-learn-foundry
[08:33:46] [START] Import: 43-spark
[08:33:47] [DONE] 43-spark
[08:33:47] [START] Import: 44-eva-jp-spark
[08:33:49] [DONE] 44-eva-jp-spark
[08:33:49] [START] Import: 45-aicoe-page
[08:33:50] [DONE] 45-aicoe-page
[08:33:50] [START] Import: 46-accelerator
[08:33:52] [DONE] 46-accelerator
[08:33:52] [START] Import: 48-eva-veritas
[08:33:54] [DONE] 48-eva-veritas
[08:33:54] [START] Import: 49-eva-dtl
[08:33:55] [DONE] 49-eva-dtl
[08:33:55] 
[08:33:55] === WBS-TO-ADO COMPLETE ===
[08:33:55]   artifacts_built  : 42
[08:33:55]   artifacts_skipped: 1
[08:33:55]   import_success   : 42
[08:33:55]   import_failed    : 0
[08:33:55]   total_pbis_staged: 1920
[08:33:55]   mode             : DRY-RUN (nothing created in ADO)
[08:33:55] [PASS] All imports completed
