Drive already SUBSTed
]633;P;IsWindows=True[08:28:47] [INFO] Fetching WBS + project data from data model...
[08:28:48] [INFO] WBS: projects=43  features=751  stories=2165
[08:28:48] [INFO] Building per-project ADO artifacts...
[08:28:48] [BUILT] 01-documentation-generator  features=10  stories=11  -> C:\AICOE\eva-foundation\48-eva-veritas\.evidence\20260225-ado-seed\artifacts\01-documentation-generator.json
[08:28:48] [BUILT] 02-poc-agent-skills  features=8  stories=18  -> C:\AICOE\eva-foundation\48-eva-veritas\.evidence\20260225-ado-seed\artifacts\02-poc-agent-skills.json
[08:28:48] [BUILT] 03-poc-enhanced-docs  features=9  stories=20  -> C:\AICOE\eva-foundation\48-eva-veritas\.evidence\20260225-ado-seed\artifacts\03-poc-enhanced-docs.json
[08:28:48] [BUILT] 05-extract-cases  features=8  stories=8  -> C:\AICOE\eva-foundation\48-eva-veritas\.evidence\20260225-ado-seed\artifacts\05-extract-cases.json
[08:28:48] [BUILT] 06-jp-auto-extraction  features=16  stories=34  -> C:\AICOE\eva-foundation\48-eva-veritas\.evidence\20260225-ado-seed\artifacts\06-jp-auto-extraction.json
[08:28:48] [BUILT] 07-foundation-layer  features=9  stories=19  -> C:\AICOE\eva-foundation\48-eva-veritas\.evidence\20260225-ado-seed\artifacts\07-foundation-layer.json
[08:28:48] [BUILT] 09-eva-repo-documentation  features=4  stories=6  -> C:\AICOE\eva-foundation\48-eva-veritas\.evidence\20260225-ado-seed\artifacts\09-eva-repo-documentation.json
[08:28:48] [BUILT] 10-mkdocs-poc  features=13  stories=26  -> C:\AICOE\eva-foundation\48-eva-veritas\.evidence\20260225-ado-seed\artifacts\10-mkdocs-poc.json
[08:28:48] [BUILT] 11-ms-infojp  features=47  stories=182  -> C:\AICOE\eva-foundation\48-eva-veritas\.evidence\20260225-ado-seed\artifacts\11-ms-infojp.json
[08:28:48] [BUILT] 12-work-spc-reorg  features=12  stories=40  -> C:\AICOE\eva-foundation\48-eva-veritas\.evidence\20260225-ado-seed\artifacts\12-work-spc-reorg.json
[08:28:48] [BUILT] 13-vscode-tools  features=13  stories=40  -> C:\AICOE\eva-foundation\48-eva-veritas\.evidence\20260225-ado-seed\artifacts\13-vscode-tools.json
[08:28:48] [BUILT] 16-engineered-case-law  features=14  stories=17  -> C:\AICOE\eva-foundation\48-eva-veritas\.evidence\20260225-ado-seed\artifacts\16-engineered-case-law.json
[08:28:48] [BUILT] 17-apim  features=13  stories=18  -> C:\AICOE\eva-foundation\48-eva-veritas\.evidence\20260225-ado-seed\artifacts\17-apim.json
[08:28:48] [BUILT] 18-azure-best  features=11  stories=22  -> C:\AICOE\eva-foundation\48-eva-veritas\.evidence\20260225-ado-seed\artifacts\18-azure-best.json
[08:28:48] [BUILT] 19-ai-gov  features=2  stories=7  -> C:\AICOE\eva-foundation\48-eva-veritas\.evidence\20260225-ado-seed\artifacts\19-ai-gov.json
[08:28:48] [BUILT] 20-AssistMe  features=12  stories=15  -> C:\AICOE\eva-foundation\48-eva-veritas\.evidence\20260225-ado-seed\artifacts\20-AssistMe.json
[08:28:48] [BUILT] 21-habit-tracker  features=12  stories=24  -> C:\AICOE\eva-foundation\48-eva-veritas\.evidence\20260225-ado-seed\artifacts\21-habit-tracker.json
[08:28:48] [BUILT] 22-rg-sandbox  features=13  stories=29  -> C:\AICOE\eva-foundation\48-eva-veritas\.evidence\20260225-ado-seed\artifacts\22-rg-sandbox.json
[08:28:48] [BUILT] 23-ei-dsst-rewrite  features=14  stories=4  -> C:\AICOE\eva-foundation\48-eva-veritas\.evidence\20260225-ado-seed\artifacts\23-ei-dsst-rewrite.json
[08:28:48] [BUILT] 25-eva-suite  features=4  stories=11  -> C:\AICOE\eva-foundation\48-eva-veritas\.evidence\20260225-ado-seed\artifacts\25-eva-suite.json
[08:28:48] [BUILT] 26-eva-gh  features=142  stories=728  -> C:\AICOE\eva-foundation\48-eva-veritas\.evidence\20260225-ado-seed\artifacts\26-eva-gh.json
[08:28:48] [BUILT] 27-devbench  features=12  stories=9  -> C:\AICOE\eva-foundation\48-eva-veritas\.evidence\20260225-ado-seed\artifacts\27-devbench.json
[08:28:48] [BUILT] 28-rbac  features=20  stories=43  -> C:\AICOE\eva-foundation\48-eva-veritas\.evidence\20260225-ado-seed\artifacts\28-rbac.json
[08:28:48] [BUILT] 29-foundry  features=21  stories=56  -> C:\AICOE\eva-foundation\48-eva-veritas\.evidence\20260225-ado-seed\artifacts\29-foundry.json
[08:28:48] [BUILT] 30-ui-bench  features=3  stories=8  -> C:\AICOE\eva-foundation\48-eva-veritas\.evidence\20260225-ado-seed\artifacts\30-ui-bench.json
[08:28:48] [BUILT] 31-eva-faces  features=22  stories=74  -> C:\AICOE\eva-foundation\48-eva-veritas\.evidence\20260225-ado-seed\artifacts\31-eva-faces.json
[08:28:48] [BUILT] 32-logging  features=3  stories=9  -> C:\AICOE\eva-foundation\48-eva-veritas\.evidence\20260225-ado-seed\artifacts\32-logging.json
[08:28:48] [BUILT] 33-eva-brain-v2  features=39  stories=111  -> C:\AICOE\eva-foundation\48-eva-veritas\.evidence\20260225-ado-seed\artifacts\33-eva-brain-v2.json
[08:28:48] [WARN] 34-eva-agents has WBS project node but no features -- skipping ADO artifact
[08:28:48] [BUILT] 35-agentic-code-fixing  features=19  stories=18  -> C:\AICOE\eva-foundation\48-eva-veritas\.evidence\20260225-ado-seed\artifacts\35-agentic-code-fixing.json
[08:28:48] [BUILT] 36-red-teaming  features=17  stories=14  -> C:\AICOE\eva-foundation\48-eva-veritas\.evidence\20260225-ado-seed\artifacts\36-red-teaming.json
[08:28:48] [BUILT] 37-data-model  features=24  stories=42  -> C:\AICOE\eva-foundation\48-eva-veritas\.evidence\20260225-ado-seed\artifacts\37-data-model.json
[08:28:48] [BUILT] 38-ado-poc  features=6  stories=13  -> C:\AICOE\eva-foundation\48-eva-veritas\.evidence\20260225-ado-seed\artifacts\38-ado-poc.json
[08:28:49] [BUILT] 39-ado-dashboard  features=8  stories=22  -> C:\AICOE\eva-foundation\48-eva-veritas\.evidence\20260225-ado-seed\artifacts\39-ado-dashboard.json
[08:28:49] [BUILT] 40-eva-control-plane  features=13  stories=9  -> C:\AICOE\eva-foundation\48-eva-veritas\.evidence\20260225-ado-seed\artifacts\40-eva-control-plane.json
[08:28:50] [BUILT] 41-eva-cli  features=10  stories=12  -> C:\AICOE\eva-foundation\48-eva-veritas\.evidence\20260225-ado-seed\artifacts\41-eva-cli.json
[08:28:50] [BUILT] 42-learn-foundry  features=23  stories=54  -> C:\AICOE\eva-foundation\48-eva-veritas\.evidence\20260225-ado-seed\artifacts\42-learn-foundry.json
[08:28:50] [BUILT] 43-spark  features=12  stories=5  -> C:\AICOE\eva-foundation\48-eva-veritas\.evidence\20260225-ado-seed\artifacts\43-spark.json
[08:28:50] [BUILT] 44-eva-jp-spark  features=9  stories=24  -> C:\AICOE\eva-foundation\48-eva-veritas\.evidence\20260225-ado-seed\artifacts\44-eva-jp-spark.json
[08:28:50] [BUILT] 45-aicoe-page  features=7  stories=20  -> C:\AICOE\eva-foundation\48-eva-veritas\.evidence\20260225-ado-seed\artifacts\45-aicoe-page.json
[08:28:50] [BUILT] 46-accelerator  features=6  stories=23  -> C:\AICOE\eva-foundation\48-eva-veritas\.evidence\20260225-ado-seed\artifacts\46-accelerator.json
[08:28:50] [BUILT] 48-eva-veritas  features=18  stories=53  -> C:\AICOE\eva-foundation\48-eva-veritas\.evidence\20260225-ado-seed\artifacts\48-eva-veritas.json
[08:28:50] [BUILT] 49-eva-dtl  features=8  stories=22  -> C:\AICOE\eva-foundation\48-eva-veritas\.evidence\20260225-ado-seed\artifacts\49-eva-dtl.json
[08:28:50] 
[08:28:50] [INFO] Artifact generation complete: built=42  skipped=1
[08:28:50] [INFO] Total PBIs staged: 1920
[08:28:50] 
[08:28:50] === ADO IMPORT (DRY RUN) ===
[08:28:50] [INFO] Importing 42 project artifact files...
[08:28:50] [START] Import: 01-documentation-generator
[08:28:52] [FAIL] 01-documentation-generator (exit=1) -- see C:\AICOE\eva-foundation\48-eva-veritas\.evidence\20260225-ado-seed\import-01-documentation-generator.log
[08:28:52] [START] Import: 02-poc-agent-skills
[08:28:54] [FAIL] 02-poc-agent-skills (exit=1) -- see C:\AICOE\eva-foundation\48-eva-veritas\.evidence\20260225-ado-seed\import-02-poc-agent-skills.log
[08:28:54] [START] Import: 03-poc-enhanced-docs
[08:28:55] [FAIL] 03-poc-enhanced-docs (exit=1) -- see C:\AICOE\eva-foundation\48-eva-veritas\.evidence\20260225-ado-seed\import-03-poc-enhanced-docs.log
[08:28:55] [START] Import: 05-extract-cases
[08:28:57] [FAIL] 05-extract-cases (exit=1) -- see C:\AICOE\eva-foundation\48-eva-veritas\.evidence\20260225-ado-seed\import-05-extract-cases.log
[08:28:57] [START] Import: 06-jp-auto-extraction
[08:28:58] [FAIL] 06-jp-auto-extraction (exit=1) -- see C:\AICOE\eva-foundation\48-eva-veritas\.evidence\20260225-ado-seed\import-06-jp-auto-extraction.log
[08:28:58] [START] Import: 07-foundation-layer
[08:29:00] [FAIL] 07-foundation-layer (exit=1) -- see C:\AICOE\eva-foundation\48-eva-veritas\.evidence\20260225-ado-seed\import-07-foundation-layer.log
[08:29:00] [START] Import: 09-eva-repo-documentation
[08:29:01] [FAIL] 09-eva-repo-documentation (exit=1) -- see C:\AICOE\eva-foundation\48-eva-veritas\.evidence\20260225-ado-seed\import-09-eva-repo-documentation.log
[08:29:01] [START] Import: 10-mkdocs-poc
[08:29:02] [FAIL] 10-mkdocs-poc (exit=1) -- see C:\AICOE\eva-foundation\48-eva-veritas\.evidence\20260225-ado-seed\import-10-mkdocs-poc.log
[08:29:02] [START] Import: 11-ms-infojp
[08:29:04] [FAIL] 11-ms-infojp (exit=1) -- see C:\AICOE\eva-foundation\48-eva-veritas\.evidence\20260225-ado-seed\import-11-ms-infojp.log
[08:29:04] [START] Import: 12-work-spc-reorg
[08:29:05] [FAIL] 12-work-spc-reorg (exit=1) -- see C:\AICOE\eva-foundation\48-eva-veritas\.evidence\20260225-ado-seed\import-12-work-spc-reorg.log
[08:29:05] [START] Import: 13-vscode-tools
[08:29:06] [FAIL] 13-vscode-tools (exit=1) -- see C:\AICOE\eva-foundation\48-eva-veritas\.evidence\20260225-ado-seed\import-13-vscode-tools.log
[08:29:06] [START] Import: 16-engineered-case-law
[08:29:08] [FAIL] 16-engineered-case-law (exit=1) -- see C:\AICOE\eva-foundation\48-eva-veritas\.evidence\20260225-ado-seed\import-16-engineered-case-law.log
[08:29:08] [START] Import: 17-apim
[08:29:09] [FAIL] 17-apim (exit=1) -- see C:\AICOE\eva-foundation\48-eva-veritas\.evidence\20260225-ado-seed\import-17-apim.log
[08:29:09] [START] Import: 18-azure-best
[08:29:10] [FAIL] 18-azure-best (exit=1) -- see C:\AICOE\eva-foundation\48-eva-veritas\.evidence\20260225-ado-seed\import-18-azure-best.log
[08:29:10] [START] Import: 19-ai-gov
[08:29:12] [FAIL] 19-ai-gov (exit=1) -- see C:\AICOE\eva-foundation\48-eva-veritas\.evidence\20260225-ado-seed\import-19-ai-gov.log
[08:29:12] [START] Import: 20-AssistMe
[08:29:13] [FAIL] 20-AssistMe (exit=1) -- see C:\AICOE\eva-foundation\48-eva-veritas\.evidence\20260225-ado-seed\import-20-AssistMe.log
[08:29:13] [START] Import: 21-habit-tracker
[08:29:15] [FAIL] 21-habit-tracker (exit=1) -- see C:\AICOE\eva-foundation\48-eva-veritas\.evidence\20260225-ado-seed\import-21-habit-tracker.log
[08:29:15] [START] Import: 22-rg-sandbox
[08:29:16] [FAIL] 22-rg-sandbox (exit=1) -- see C:\AICOE\eva-foundation\48-eva-veritas\.evidence\20260225-ado-seed\import-22-rg-sandbox.log
[08:29:16] [START] Import: 23-ei-dsst-rewrite
[08:29:17] [FAIL] 23-ei-dsst-rewrite (exit=1) -- see C:\AICOE\eva-foundation\48-eva-veritas\.evidence\20260225-ado-seed\import-23-ei-dsst-rewrite.log
[08:29:17] [START] Import: 25-eva-suite
[08:29:19] [FAIL] 25-eva-suite (exit=1) -- see C:\AICOE\eva-foundation\48-eva-veritas\.evidence\20260225-ado-seed\import-25-eva-suite.log
[08:29:19] [START] Import: 26-eva-gh
[08:29:20] [FAIL] 26-eva-gh (exit=1) -- see C:\AICOE\eva-foundation\48-eva-veritas\.evidence\20260225-ado-seed\import-26-eva-gh.log
[08:29:20] [START] Import: 27-devbench
[08:29:21] [FAIL] 27-devbench (exit=1) -- see C:\AICOE\eva-foundation\48-eva-veritas\.evidence\20260225-ado-seed\import-27-devbench.log
[08:29:21] [START] Import: 28-rbac
[08:29:23] [FAIL] 28-rbac (exit=1) -- see C:\AICOE\eva-foundation\48-eva-veritas\.evidence\20260225-ado-seed\import-28-rbac.log
[08:29:23] [START] Import: 29-foundry
[08:29:24] [FAIL] 29-foundry (exit=1) -- see C:\AICOE\eva-foundation\48-eva-veritas\.evidence\20260225-ado-seed\import-29-foundry.log
[08:29:24] [START] Import: 30-ui-bench
[08:29:25] [FAIL] 30-ui-bench (exit=1) -- see C:\AICOE\eva-foundation\48-eva-veritas\.evidence\20260225-ado-seed\import-30-ui-bench.log
[08:29:25] [START] Import: 31-eva-faces
[08:29:27] [FAIL] 31-eva-faces (exit=1) -- see C:\AICOE\eva-foundation\48-eva-veritas\.evidence\20260225-ado-seed\import-31-eva-faces.log
[08:29:27] [START] Import: 32-logging
[08:29:28] [FAIL] 32-logging (exit=1) -- see C:\AICOE\eva-foundation\48-eva-veritas\.evidence\20260225-ado-seed\import-32-logging.log
[08:29:28] [START] Import: 33-eva-brain-v2
[08:29:29] [FAIL] 33-eva-brain-v2 (exit=1) -- see C:\AICOE\eva-foundation\48-eva-veritas\.evidence\20260225-ado-seed\import-33-eva-brain-v2.log
[08:29:29] [START] Import: 35-agentic-code-fixing
[08:29:31] [FAIL] 35-agentic-code-fixing (exit=1) -- see C:\AICOE\eva-foundation\48-eva-veritas\.evidence\20260225-ado-seed\import-35-agentic-code-fixing.log
[08:29:31] [START] Import: 36-red-teaming
[08:29:32] [FAIL] 36-red-teaming (exit=1) -- see C:\AICOE\eva-foundation\48-eva-veritas\.evidence\20260225-ado-seed\import-36-red-teaming.log
[08:29:32] [START] Import: 37-data-model
[08:29:33] [FAIL] 37-data-model (exit=1) -- see C:\AICOE\eva-foundation\48-eva-veritas\.evidence\20260225-ado-seed\import-37-data-model.log
[08:29:33] [START] Import: 38-ado-poc
[08:29:35] [FAIL] 38-ado-poc (exit=1) -- see C:\AICOE\eva-foundation\48-eva-veritas\.evidence\20260225-ado-seed\import-38-ado-poc.log
[08:29:35] [START] Import: 39-ado-dashboard
[08:29:36] [FAIL] 39-ado-dashboard (exit=1) -- see C:\AICOE\eva-foundation\48-eva-veritas\.evidence\20260225-ado-seed\import-39-ado-dashboard.log
[08:29:36] [START] Import: 40-eva-control-plane
[08:29:38] [FAIL] 40-eva-control-plane (exit=1) -- see C:\AICOE\eva-foundation\48-eva-veritas\.evidence\20260225-ado-seed\import-40-eva-control-plane.log
[08:29:38] [START] Import: 41-eva-cli
[08:29:39] [FAIL] 41-eva-cli (exit=1) -- see C:\AICOE\eva-foundation\48-eva-veritas\.evidence\20260225-ado-seed\import-41-eva-cli.log
[08:29:39] [START] Import: 42-learn-foundry
[08:29:41] [FAIL] 42-learn-foundry (exit=1) -- see C:\AICOE\eva-foundation\48-eva-veritas\.evidence\20260225-ado-seed\import-42-learn-foundry.log
[08:29:41] [START] Import: 43-spark
[08:29:42] [FAIL] 43-spark (exit=1) -- see C:\AICOE\eva-foundation\48-eva-veritas\.evidence\20260225-ado-seed\import-43-spark.log
[08:29:42] [START] Import: 44-eva-jp-spark
[08:29:43] [FAIL] 44-eva-jp-spark (exit=1) -- see C:\AICOE\eva-foundation\48-eva-veritas\.evidence\20260225-ado-seed\import-44-eva-jp-spark.log
[08:29:43] [START] Import: 45-aicoe-page
[08:29:45] [FAIL] 45-aicoe-page (exit=1) -- see C:\AICOE\eva-foundation\48-eva-veritas\.evidence\20260225-ado-seed\import-45-aicoe-page.log
[08:29:45] [START] Import: 46-accelerator
[08:29:46] [FAIL] 46-accelerator (exit=1) -- see C:\AICOE\eva-foundation\48-eva-veritas\.evidence\20260225-ado-seed\import-46-accelerator.log
[08:29:46] [START] Import: 48-eva-veritas
[08:29:48] [FAIL] 48-eva-veritas (exit=1) -- see C:\AICOE\eva-foundation\48-eva-veritas\.evidence\20260225-ado-seed\import-48-eva-veritas.log
[08:29:48] [START] Import: 49-eva-dtl
[08:29:49] [FAIL] 49-eva-dtl (exit=1) -- see C:\AICOE\eva-foundation\48-eva-veritas\.evidence\20260225-ado-seed\import-49-eva-dtl.log
[08:29:49] 
[08:29:49] === WBS-TO-ADO COMPLETE ===
[08:29:49]   artifacts_built  : 42
[08:29:49]   artifacts_skipped: 1
[08:29:49]   import_success   : 0
[08:29:49]   import_failed    : 42
[08:29:49]   total_pbis_staged: 1920
[08:29:49]   mode             : DRY-RUN (nothing created in ADO)
[08:29:49] [WARN] 42 imports failed -- check individual import logs in C:\AICOE\eva-foundation\48-eva-veritas\.evidence\20260225-ado-seed
