Drive already SUBSTed
]633;P;IsWindows=True[08:51:35] [INFO] Fetching WBS + project data from data model...
[08:51:36] [INFO] WBS: projects=43  features=751  stories=2165
[08:51:36] [INFO] Building per-project ADO artifacts...
[08:51:36] [BUILT] 01-documentation-generator  features=10  stories=11  -> C:\AICOE\eva-foundation\48-eva-veritas\.evidence\20260225-ado-seed\artifacts\01-documentation-generator.json
[08:51:36] [BUILT] 02-poc-agent-skills  features=8  stories=18  -> C:\AICOE\eva-foundation\48-eva-veritas\.evidence\20260225-ado-seed\artifacts\02-poc-agent-skills.json
[08:51:36] [BUILT] 03-poc-enhanced-docs  features=9  stories=20  -> C:\AICOE\eva-foundation\48-eva-veritas\.evidence\20260225-ado-seed\artifacts\03-poc-enhanced-docs.json
[08:51:36] [BUILT] 05-extract-cases  features=8  stories=8  -> C:\AICOE\eva-foundation\48-eva-veritas\.evidence\20260225-ado-seed\artifacts\05-extract-cases.json
[08:51:36] [BUILT] 06-jp-auto-extraction  features=16  stories=34  -> C:\AICOE\eva-foundation\48-eva-veritas\.evidence\20260225-ado-seed\artifacts\06-jp-auto-extraction.json
[08:51:36] [BUILT] 07-foundation-layer  features=9  stories=19  -> C:\AICOE\eva-foundation\48-eva-veritas\.evidence\20260225-ado-seed\artifacts\07-foundation-layer.json
[08:51:36] [BUILT] 09-eva-repo-documentation  features=4  stories=6  -> C:\AICOE\eva-foundation\48-eva-veritas\.evidence\20260225-ado-seed\artifacts\09-eva-repo-documentation.json
[08:51:36] [BUILT] 10-mkdocs-poc  features=13  stories=26  -> C:\AICOE\eva-foundation\48-eva-veritas\.evidence\20260225-ado-seed\artifacts\10-mkdocs-poc.json
[08:51:36] [BUILT] 11-ms-infojp  features=47  stories=182  -> C:\AICOE\eva-foundation\48-eva-veritas\.evidence\20260225-ado-seed\artifacts\11-ms-infojp.json
[08:51:36] [BUILT] 12-work-spc-reorg  features=12  stories=40  -> C:\AICOE\eva-foundation\48-eva-veritas\.evidence\20260225-ado-seed\artifacts\12-work-spc-reorg.json
[08:51:36] [BUILT] 13-vscode-tools  features=13  stories=40  -> C:\AICOE\eva-foundation\48-eva-veritas\.evidence\20260225-ado-seed\artifacts\13-vscode-tools.json
[08:51:36] [BUILT] 16-engineered-case-law  features=14  stories=17  -> C:\AICOE\eva-foundation\48-eva-veritas\.evidence\20260225-ado-seed\artifacts\16-engineered-case-law.json
[08:51:36] [BUILT] 17-apim  features=13  stories=18  -> C:\AICOE\eva-foundation\48-eva-veritas\.evidence\20260225-ado-seed\artifacts\17-apim.json
[08:51:36] [BUILT] 18-azure-best  features=11  stories=22  -> C:\AICOE\eva-foundation\48-eva-veritas\.evidence\20260225-ado-seed\artifacts\18-azure-best.json
[08:51:36] [BUILT] 19-ai-gov  features=2  stories=7  -> C:\AICOE\eva-foundation\48-eva-veritas\.evidence\20260225-ado-seed\artifacts\19-ai-gov.json
[08:51:36] [BUILT] 20-AssistMe  features=12  stories=15  -> C:\AICOE\eva-foundation\48-eva-veritas\.evidence\20260225-ado-seed\artifacts\20-AssistMe.json
[08:51:36] [BUILT] 21-habit-tracker  features=12  stories=24  -> C:\AICOE\eva-foundation\48-eva-veritas\.evidence\20260225-ado-seed\artifacts\21-habit-tracker.json
[08:51:36] [BUILT] 22-rg-sandbox  features=13  stories=29  -> C:\AICOE\eva-foundation\48-eva-veritas\.evidence\20260225-ado-seed\artifacts\22-rg-sandbox.json
[08:51:36] [BUILT] 23-ei-dsst-rewrite  features=14  stories=4  -> C:\AICOE\eva-foundation\48-eva-veritas\.evidence\20260225-ado-seed\artifacts\23-ei-dsst-rewrite.json
[08:51:36] [BUILT] 25-eva-suite  features=4  stories=11  -> C:\AICOE\eva-foundation\48-eva-veritas\.evidence\20260225-ado-seed\artifacts\25-eva-suite.json
[08:51:36] [BUILT] 26-eva-gh  features=142  stories=728  -> C:\AICOE\eva-foundation\48-eva-veritas\.evidence\20260225-ado-seed\artifacts\26-eva-gh.json
[08:51:36] [BUILT] 27-devbench  features=12  stories=9  -> C:\AICOE\eva-foundation\48-eva-veritas\.evidence\20260225-ado-seed\artifacts\27-devbench.json
[08:51:36] [BUILT] 28-rbac  features=20  stories=43  -> C:\AICOE\eva-foundation\48-eva-veritas\.evidence\20260225-ado-seed\artifacts\28-rbac.json
[08:51:36] [BUILT] 29-foundry  features=21  stories=56  -> C:\AICOE\eva-foundation\48-eva-veritas\.evidence\20260225-ado-seed\artifacts\29-foundry.json
[08:51:36] [BUILT] 30-ui-bench  features=3  stories=8  -> C:\AICOE\eva-foundation\48-eva-veritas\.evidence\20260225-ado-seed\artifacts\30-ui-bench.json
[08:51:37] [BUILT] 31-eva-faces  features=22  stories=74  -> C:\AICOE\eva-foundation\48-eva-veritas\.evidence\20260225-ado-seed\artifacts\31-eva-faces.json
[08:51:37] [BUILT] 32-logging  features=3  stories=9  -> C:\AICOE\eva-foundation\48-eva-veritas\.evidence\20260225-ado-seed\artifacts\32-logging.json
[08:51:37] [BUILT] 33-eva-brain-v2  features=39  stories=111  -> C:\AICOE\eva-foundation\48-eva-veritas\.evidence\20260225-ado-seed\artifacts\33-eva-brain-v2.json
[08:51:37] [WARN] 34-eva-agents has WBS project node but no features -- skipping ADO artifact
[08:51:37] [BUILT] 35-agentic-code-fixing  features=19  stories=18  -> C:\AICOE\eva-foundation\48-eva-veritas\.evidence\20260225-ado-seed\artifacts\35-agentic-code-fixing.json
[08:51:37] [BUILT] 36-red-teaming  features=17  stories=14  -> C:\AICOE\eva-foundation\48-eva-veritas\.evidence\20260225-ado-seed\artifacts\36-red-teaming.json
[08:51:37] [BUILT] 37-data-model  features=24  stories=42  -> C:\AICOE\eva-foundation\48-eva-veritas\.evidence\20260225-ado-seed\artifacts\37-data-model.json
[08:51:37] [BUILT] 38-ado-poc  features=6  stories=13  -> C:\AICOE\eva-foundation\48-eva-veritas\.evidence\20260225-ado-seed\artifacts\38-ado-poc.json
[08:51:37] [BUILT] 39-ado-dashboard  features=8  stories=22  -> C:\AICOE\eva-foundation\48-eva-veritas\.evidence\20260225-ado-seed\artifacts\39-ado-dashboard.json
[08:51:37] [BUILT] 40-eva-control-plane  features=13  stories=9  -> C:\AICOE\eva-foundation\48-eva-veritas\.evidence\20260225-ado-seed\artifacts\40-eva-control-plane.json
[08:51:37] [BUILT] 41-eva-cli  features=10  stories=12  -> C:\AICOE\eva-foundation\48-eva-veritas\.evidence\20260225-ado-seed\artifacts\41-eva-cli.json
[08:51:37] [BUILT] 42-learn-foundry  features=23  stories=54  -> C:\AICOE\eva-foundation\48-eva-veritas\.evidence\20260225-ado-seed\artifacts\42-learn-foundry.json
[08:51:37] [BUILT] 43-spark  features=12  stories=5  -> C:\AICOE\eva-foundation\48-eva-veritas\.evidence\20260225-ado-seed\artifacts\43-spark.json
[08:51:37] [BUILT] 44-eva-jp-spark  features=9  stories=24  -> C:\AICOE\eva-foundation\48-eva-veritas\.evidence\20260225-ado-seed\artifacts\44-eva-jp-spark.json
[08:51:37] [BUILT] 45-aicoe-page  features=7  stories=20  -> C:\AICOE\eva-foundation\48-eva-veritas\.evidence\20260225-ado-seed\artifacts\45-aicoe-page.json
[08:51:37] [BUILT] 46-accelerator  features=6  stories=23  -> C:\AICOE\eva-foundation\48-eva-veritas\.evidence\20260225-ado-seed\artifacts\46-accelerator.json
[08:51:37] [BUILT] 48-eva-veritas  features=18  stories=53  -> C:\AICOE\eva-foundation\48-eva-veritas\.evidence\20260225-ado-seed\artifacts\48-eva-veritas.json
[08:51:37] [BUILT] 49-eva-dtl  features=8  stories=22  -> C:\AICOE\eva-foundation\48-eva-veritas\.evidence\20260225-ado-seed\artifacts\49-eva-dtl.json
[08:51:37] 
[08:51:37] [INFO] Artifact generation complete: built=42  skipped=1
[08:51:37] [INFO] Total PBIs staged: 1920
[08:51:37] 
[08:51:37] === ADO IMPORT (LIVE) ===
[08:51:37] [INFO] Importing 42 project artifact files...
[08:51:37] [START] Import: 01-documentation-generator
[08:51:53] [DONE] 01-documentation-generator
[08:51:53] [START] Import: 02-poc-agent-skills
[08:52:05] [DONE] 02-poc-agent-skills
[08:52:05] [START] Import: 03-poc-enhanced-docs
[08:52:18] [DONE] 03-poc-enhanced-docs
[08:52:18] [START] Import: 05-extract-cases
[08:52:31] [DONE] 05-extract-cases
[08:52:31] [START] Import: 06-jp-auto-extraction
[08:52:49] [DONE] 06-jp-auto-extraction
[08:52:49] [START] Import: 07-foundation-layer
[08:53:00] [DONE] 07-foundation-layer
[08:53:00] [START] Import: 09-eva-repo-documentation
[08:53:07] [DONE] 09-eva-repo-documentation
[08:53:07] [START] Import: 10-mkdocs-poc
[08:53:20] [DONE] 10-mkdocs-poc
[08:53:20] [START] Import: 11-ms-infojp
[08:54:28] [DONE] 11-ms-infojp
[08:54:28] [START] Import: 12-work-spc-reorg
[08:54:47] [DONE] 12-work-spc-reorg
[08:54:47] [START] Import: 13-vscode-tools
[08:55:07] [DONE] 13-vscode-tools
[08:55:07] [START] Import: 16-engineered-case-law
[08:55:19] [DONE] 16-engineered-case-law
[08:55:19] [START] Import: 17-apim
[08:55:31] [DONE] 17-apim
[08:55:31] [START] Import: 18-azure-best
[08:55:45] [DONE] 18-azure-best
[08:55:45] [START] Import: 19-ai-gov
[08:55:52] [DONE] 19-ai-gov
[08:55:52] [START] Import: 20-AssistMe
[08:56:06] [DONE] 20-AssistMe
[08:56:06] [START] Import: 21-habit-tracker
[08:56:19] [DONE] 21-habit-tracker
[08:56:19] [START] Import: 22-rg-sandbox
[08:56:34] [DONE] 22-rg-sandbox
[08:56:34] [START] Import: 23-ei-dsst-rewrite
[08:56:43] [DONE] 23-ei-dsst-rewrite
[08:56:43] [START] Import: 25-eva-suite
[08:56:51] [DONE] 25-eva-suite
[08:56:51] [START] Import: 26-eva-gh
[09:01:00] [DONE] 26-eva-gh
[09:01:00] [START] Import: 27-devbench
[09:01:10] [DONE] 27-devbench
[09:01:10] [START] Import: 28-rbac
[09:01:32] [DONE] 28-rbac
[09:01:32] [START] Import: 29-foundry
[09:01:56] [FAIL] 29-foundry (exit=1) -- see C:\AICOE\eva-foundation\48-eva-veritas\.evidence\20260225-ado-seed\import-29-foundry.log
[09:01:56] [START] Import: 30-ui-bench
[09:02:15] [DONE] 30-ui-bench
[09:02:15] [START] Import: 31-eva-faces
[09:02:46] [DONE] 31-eva-faces
[09:02:46] [START] Import: 32-logging
[09:02:54] [DONE] 32-logging
[09:02:54] [START] Import: 33-eva-brain-v2
[09:03:39] [DONE] 33-eva-brain-v2
[09:03:39] [START] Import: 35-agentic-code-fixing
[09:03:55] [DONE] 35-agentic-code-fixing
[09:03:55] [START] Import: 36-red-teaming
[09:04:08] [DONE] 36-red-teaming
[09:04:08] [START] Import: 37-data-model
[09:04:29] [DONE] 37-data-model
[09:04:29] [START] Import: 38-ado-poc
[09:04:39] [DONE] 38-ado-poc
[09:04:39] [START] Import: 39-ado-dashboard
[09:04:53] [DONE] 39-ado-dashboard
[09:04:53] [START] Import: 40-eva-control-plane
[09:05:04] [DONE] 40-eva-control-plane
[09:05:04] [START] Import: 41-eva-cli
[09:05:15] [DONE] 41-eva-cli
[09:05:15] [START] Import: 42-learn-foundry
[09:05:42] [DONE] 42-learn-foundry
[09:05:42] [START] Import: 43-spark
[09:05:50] [DONE] 43-spark
[09:05:50] [START] Import: 44-eva-jp-spark
[09:06:03] [DONE] 44-eva-jp-spark
[09:06:03] [START] Import: 45-aicoe-page
[09:06:15] [DONE] 45-aicoe-page
[09:06:15] [START] Import: 46-accelerator
[09:06:28] [DONE] 46-accelerator
[09:06:28] [START] Import: 48-eva-veritas
[09:06:53] [DONE] 48-eva-veritas
[09:06:53] [START] Import: 49-eva-dtl
[09:07:05] [DONE] 49-eva-dtl
[09:07:05] 
[09:07:05] === WBS-TO-ADO COMPLETE ===
[09:07:05]   artifacts_built  : 42
[09:07:05]   artifacts_skipped: 1
[09:07:05]   import_success   : 41
[09:07:05]   import_failed    : 1
[09:07:05]   total_pbis_staged: 1920
[09:07:05]   mode             : LIVE
[09:07:05] [WARN] 1 imports failed -- check individual import logs in C:\AICOE\eva-foundation\48-eva-veritas\.evidence\20260225-ado-seed
