[INFO] generate-plan: C:\AICOE\eva-foundation\19-ai-gov
[INFO] Prefix: F19
[PASS] Written: C:\AICOE\eva-foundation\19-ai-gov\.eva\veritas-plan.json
       2 features, 7 stories, 0 tasks (0 story orphans)
       Sources: PLAN.md
       Format detected: veritas

  +ID     Stories  Tasks  Title
  ??????????????????  ?????????????????????  ???????????????  ???????????????????????????????????????????????????????????????????????????????????????
  F19-01        7      0  Design Phases
  F19-02        0      0  Design Completion Summary

[NEXT] eva audit --repo . -- scores the repo using this plan (Stories count toward MTI; Tasks do not)
[NEXT] eva generate-ado --repo . -- creates ADO backlog CSV (Epic/Feature/Story/Task hierarchy)
[NEXT] eva generate-plan --repo . --sync-model -- pushes plan summary to data model
[NEXT] Tag your source files: # EVA-STORY: F19-01-001
[INFO] Discovering: C:\AICOE\eva-foundation\19-ai-gov
[INFO] Using veritas-plan.json (format: veritas, 7 stories, 0 tasks)
[INFO] Planned: 2 features, 7 stories
[INFO] Actual: 34 artifacts, 0 stories tagged
[INFO] Evidence: 0 from commits, 0 from PRs, 0 from filenames
[PASS] discovery written: C:\AICOE\eva-foundation\19-ai-gov\.eva\discovery.json
[PASS] reconciliation written: C:\AICOE\eva-foundation\19-ai-gov\.eva\reconciliation.json
[INFO] Gaps: 7
[PASS] trust written: C:\AICOE\eva-foundation\19-ai-gov\.eva\trust.json (score: 0)

=======================================
EVA Veritas Report: 19-ai-gov ??? EVA AI Governance Plane
=======================================
Repo:    C:\AICOE\eva-foundation\19-ai-gov
Planned: 2 features, 7 stories

Coverage
---------------------------------------
Stories total:          7
Stories with artifacts: 0
Stories with evidence:  0
Consistency score:      0.00

Gaps
---------------------------------------
[FAIL] missing_implementation :: F19-01-001 -- Phase 1 ? Foundation (Complete)
[FAIL] missing_implementation :: F19-01-002 -- Phase 2 ? Actor Model (Complete)
[FAIL] missing_implementation :: F19-01-003 -- Phase 3 ? Machine Trust Index (Complete)
[FAIL] missing_implementation :: F19-01-004 -- Phase 4 ? Decision Engine (Complete)
[FAIL] missing_implementation :: F19-01-005 -- Phase 5 ? API and Data Contracts (Complete)
[FAIL] missing_implementation :: F19-01-006 -- Phase 6 ? MTI Separation and Integration Spec (Feb 23, 2026)
[FAIL] missing_implementation :: F19-01-007 -- Phase 7 ? EVA State Paper (Feb 24, 2026)

Feature Breakdown
---------------------------------------
[  0] F19-01     Design Phases                   0/7 artifacts  0/7 evidence  7 gaps  [NOT STARTED]
[  0] F19-02     Design Completion Summary       0/0 artifacts  0/0 evidence  0 gaps

Trust (MTI)
---------------------------------------
Score:   0 (no change)
Trend:   0 -> 0 -> 0 -> 0 -> 0 -> 0
Actions: block, investigate
Components: coverage=0 evidence=0 consistency=0
Weights:    coverage=0.5 evidence=0.2 consistency=0.3

Improvement Hints
---------------------------------------
[ACT] To reach MTI 50 (review-required): tag 7 more stories with # EVA-STORY
      To reach MTI 70 (merge-with-approval): tag 10 more stories with # EVA-STORY
      To reach MTI 90 (deploy): tag 13 more stories with # EVA-STORY

[ACT] 7 unimplemented stories by feature (highest priority first):
      F19-01 Design Phases (7 gaps)
        - F19-01-001 -- Phase 1 ? Foundation (Complete)
        - F19-01-002 -- Phase 2 ? Actor Model (Complete)
        - F19-01-003 -- Phase 3 ? Machine Trust Index (Complete)
        - F19-01-004 -- Phase 4 ? Decision Engine (Complete)
        - F19-01-005 -- Phase 5 ? API and Data Contracts (Complete)
        - F19-01-006 -- Phase 6 ? MTI Separation and Integration Spec (Feb 23, 2026)
        - F19-01-007 -- Phase 7 ? EVA State Paper (Feb 24, 2026)

[ACT] How to close each gap type:
      missing_implementation  -- Add a tagged source file:
        Option A: tag an existing file  -->  add  # EVA-STORY: <ID>  at the top
        Option B: create a receipt       -->  evidence/<feature-id>.py  with  # EVA-STORY: <ID>

[WARN] MTI 0 is below threshold 70 (--warn-only set, continuing)
