[INFO] generate-plan: C:\AICOE\eva-foundation\38-ado-poc
[INFO] Prefix: F38
[PASS] Written: C:\AICOE\eva-foundation\38-ado-poc\.eva\veritas-plan.json
       6 features, 13 stories, 0 tasks (0 story orphans)
       Sources: PLAN.md
       Format detected: veritas

  +ID     Stories  Tasks  Title
  ??????????????????  ?????????????????????  ???????????????  ???????????????????????????????????????????????????????????????????????????????????????
  F38-01        0      0  1. Problem Statement
  F38-02        0      0  2. Solution: EVA ADO Command Center
  F38-03        5      0  3. Architecture ? 5 Layers
  F38-04        0      0  4. Data Flow: ADO ? `37-data-model`
  F38-05        8      0  5. Design Decisions
  F38-06        0      0  6. Phasing

[NEXT] eva audit --repo . -- scores the repo using this plan (Stories count toward MTI; Tasks do not)
[NEXT] eva generate-ado --repo . -- creates ADO backlog CSV (Epic/Feature/Story/Task hierarchy)
[NEXT] eva generate-plan --repo . --sync-model -- pushes plan summary to data model
[NEXT] Tag your source files: # EVA-STORY: F38-03-001
[INFO] Discovering: C:\AICOE\eva-foundation\38-ado-poc
[INFO] Using veritas-plan.json (format: veritas, 13 stories, 0 tasks)
[INFO] Planned: 6 features, 13 stories
[INFO] Actual: 198 artifacts, 0 stories tagged
[INFO] Evidence: 0 from commits, 0 from PRs, 0 from filenames
[PASS] discovery written: C:\AICOE\eva-foundation\38-ado-poc\.eva\discovery.json
[PASS] reconciliation written: C:\AICOE\eva-foundation\38-ado-poc\.eva\reconciliation.json
[INFO] Gaps: 13
[PASS] trust written: C:\AICOE\eva-foundation\38-ado-poc\.eva\trust.json (score: 0)

=======================================
EVA Veritas Report: 38-ado-poc ??? EVA ADO Command Center
=======================================
Repo:    C:\AICOE\eva-foundation\38-ado-poc
Planned: 6 features, 13 stories

Coverage
---------------------------------------
Stories total:          13
Stories with artifacts: 0
Stories with evidence:  0
Consistency score:      0.00

Gaps
---------------------------------------
[FAIL] missing_implementation :: F38-03-001 -- Layer 1: `29-foundry` ? Central Agentic Capabilities Hub
[FAIL] missing_implementation :: F38-03-002 -- Layer 2: `38-ado-poc` ? EVA ADO Command Center (this repo)
[FAIL] missing_implementation :: F38-03-003 -- Layer 3: Project Runners
[FAIL] missing_implementation :: F38-03-004 -- Layer 4: `17-apim` ? API Gateway + Cost Attribution
[FAIL] missing_implementation :: F38-03-005 -- Layer 5: `39-ado-dashboard` ? EVA Portal + ADO Views
[FAIL] missing_implementation :: F38-05-001 -- D1: Isolated personal org first, ESDC-AICoE later
[FAIL] missing_implementation :: F38-05-002 -- D2: Scrum process template
[FAIL] missing_implementation :: F38-05-003 -- D3: Two-call PBI state (create then PATCH)
[FAIL] missing_implementation :: F38-05-004 -- D4: PAT never in any file
[FAIL] missing_implementation :: F38-05-005 -- D5: Tags as semantic WI identifiers
[FAIL] missing_implementation :: F38-05-006 -- D6: `29-foundry` as single skill master
[FAIL] missing_implementation :: F38-05-007 -- D7: ADO is source of truth over `SESSION-STATE.md`
[FAIL] missing_implementation :: F38-05-008 -- D8: Cost attribution is a first-class architectural concern, not a FinOps add-on

Feature Breakdown
---------------------------------------
[  0] F38-05     5. Design Decisions             0/8 artifacts  0/8 evidence  8 gaps  [NOT STARTED]
[  0] F38-03     3. Architecture ? 5 Layers      0/5 artifacts  0/5 evidence  5 gaps  [NOT STARTED]
[  0] F38-01     1. Problem Statement            0/0 artifacts  0/0 evidence  0 gaps
[  0] F38-02     2. Solution: EVA ADO Command C  0/0 artifacts  0/0 evidence  0 gaps
[  0] F38-04     4. Data Flow: ADO ? `37-data-m  0/0 artifacts  0/0 evidence  0 gaps
[  0] F38-06     6. Phasing                      0/0 artifacts  0/0 evidence  0 gaps

Trust (MTI)
---------------------------------------
Score:   0 (no change)
Trend:   0 -> 0 -> 0 -> 0 -> 0 -> 0
Actions: block, investigate
Components: coverage=0 evidence=0 consistency=0
Weights:    coverage=0.5 evidence=0.2 consistency=0.3

Improvement Hints
---------------------------------------
[ACT] To reach MTI 50 (review-required): tag 13 more stories with # EVA-STORY
      To reach MTI 70 (merge-with-approval): tag 19 more stories with # EVA-STORY
      To reach MTI 90 (deploy): tag 24 more stories with # EVA-STORY

[ACT] 13 unimplemented stories by feature (highest priority first):
      F38-05 5. Design Decisions (8 gaps)
        - F38-05-001 -- D1: Isolated personal org first, ESDC-AICoE later
        - F38-05-002 -- D2: Scrum process template
        - F38-05-003 -- D3: Two-call PBI state (create then PATCH)
        - F38-05-004 -- D4: PAT never in any file
        - F38-05-005 -- D5: Tags as semantic WI identifiers
        - F38-05-006 -- D6: `29-foundry` as single skill master
        - F38-05-007 -- D7: ADO is source of truth over `SESSION-STATE.md`
        - F38-05-008 -- D8: Cost attribution is a first-class architectural concern, not a FinOps add-on
      F38-03 3. Architecture ? 5 Layers (5 gaps)
        - F38-03-001 -- Layer 1: `29-foundry` ? Central Agentic Capabilities Hub
        - F38-03-002 -- Layer 2: `38-ado-poc` ? EVA ADO Command Center (this repo)
        - F38-03-003 -- Layer 3: Project Runners
        - F38-03-004 -- Layer 4: `17-apim` ? API Gateway + Cost Attribution
        - F38-03-005 -- Layer 5: `39-ado-dashboard` ? EVA Portal + ADO Views

[ACT] How to close each gap type:
      missing_implementation  -- Add a tagged source file:
        Option A: tag an existing file  -->  add  # EVA-STORY: <ID>  at the top
        Option B: create a receipt       -->  evidence/<feature-id>.py  with  # EVA-STORY: <ID>

[WARN] MTI 0 is below threshold 70 (--warn-only set, continuing)
