[INFO] generate-plan: C:\AICOE\eva-foundation\47-eva-mti
[INFO] Prefix: F47
[PASS] Written: C:\AICOE\eva-foundation\47-eva-mti\.eva\veritas-plan.json
       3 features, 5 stories, 0 tasks (0 story orphans)
       Sources: PLAN.md
       Format detected: veritas

  +ID     Stories  Tasks  Title
  ??????????????????  ?????????????????????  ???????????????  ???????????????????????????????????????????????????????????????????????????????????????
  F47-01        4      0  Design Phases (Inherited from 19-ai-gov)
  F47-02        1      0  Open Work ? Implementation
  F47-03        0      0  Design Completion Summary

[NEXT] eva audit --repo . -- scores the repo using this plan (Stories count toward MTI; Tasks do not)
[NEXT] eva generate-ado --repo . -- creates ADO backlog CSV (Epic/Feature/Story/Task hierarchy)
[NEXT] eva generate-plan --repo . --sync-model -- pushes plan summary to data model
[NEXT] Tag your source files: # EVA-STORY: F47-01-001
[INFO] Discovering: C:\AICOE\eva-foundation\47-eva-mti
[INFO] Using veritas-plan.json (format: veritas, 5 stories, 0 tasks)
[INFO] Planned: 3 features, 5 stories
[INFO] Actual: 11 artifacts, 0 stories tagged
[INFO] Evidence: 0 from commits, 0 from PRs, 0 from filenames
[PASS] discovery written: C:\AICOE\eva-foundation\47-eva-mti\.eva\discovery.json
[PASS] reconciliation written: C:\AICOE\eva-foundation\47-eva-mti\.eva\reconciliation.json
[INFO] Gaps: 5
[PASS] trust written: C:\AICOE\eva-foundation\47-eva-mti\.eva\trust.json (score: 0)

=======================================
EVA Veritas Report: 47-eva-mti ??? EVA Machine Trust Index
=======================================
Repo:    C:\AICOE\eva-foundation\47-eva-mti
Planned: 3 features, 5 stories

Coverage
---------------------------------------
Stories total:          5
Stories with artifacts: 0
Stories with evidence:  0
Consistency score:      0.00

Gaps
---------------------------------------
[FAIL] missing_implementation :: F47-01-001 -- Phase 1 ? MTI Concept and Subscore Definitions (Complete)
[FAIL] missing_implementation :: F47-01-002 -- Phase 2 ? Computation Specification (Complete)
[FAIL] missing_implementation :: F47-01-003 -- Phase 3 ? Trust Service API Contract (Complete)
[FAIL] missing_implementation :: F47-01-004 -- Phase 4 ? Cosmos Container Schema (Complete)
[FAIL] missing_implementation :: F47-02-001 -- Phase 5 ? Trust Service Implementation (Not Started)

Feature Breakdown
---------------------------------------
[  0] F47-01     Design Phases (Inherited from   0/4 artifacts  0/4 evidence  4 gaps  [NOT STARTED]
[  0] F47-02     Open Work ? Implementation      0/1 artifacts  0/1 evidence  1 gap  [NOT STARTED]
[  0] F47-03     Design Completion Summary       0/0 artifacts  0/0 evidence  0 gaps

Trust (MTI)
---------------------------------------
Score:   0 (no change)
Trend:   0 -> 0 -> 0 -> 0 -> 0 -> 0
Actions: block, investigate
Components: coverage=0 evidence=0 consistency=0
Weights:    coverage=0.5 evidence=0.2 consistency=0.3

Improvement Hints
---------------------------------------
[ACT] To reach MTI 50 (review-required): tag 5 more stories with # EVA-STORY
      To reach MTI 70 (merge-with-approval): tag 7 more stories with # EVA-STORY
      To reach MTI 90 (deploy): tag 9 more stories with # EVA-STORY

[ACT] 5 unimplemented stories by feature (highest priority first):
      F47-01 Design Phases (Inherited from 19-ai-gov) (4 gaps)
        - F47-01-001 -- Phase 1 ? MTI Concept and Subscore Definitions (Complete)
        - F47-01-002 -- Phase 2 ? Computation Specification (Complete)
        - F47-01-003 -- Phase 3 ? Trust Service API Contract (Complete)
        - F47-01-004 -- Phase 4 ? Cosmos Container Schema (Complete)
      F47-02 Open Work ? Implementation (1 gap)
        - F47-02-001 -- Phase 5 ? Trust Service Implementation (Not Started)

[ACT] How to close each gap type:
      missing_implementation  -- Add a tagged source file:
        Option A: tag an existing file  -->  add  # EVA-STORY: <ID>  at the top
        Option B: create a receipt       -->  evidence/<feature-id>.py  with  # EVA-STORY: <ID>

[WARN] MTI 0 is below threshold 70 (--warn-only set, continuing)
