[INFO] generate-plan: C:\AICOE\eva-foundation\01-documentation-generator
[INFO] Prefix: F01
[PASS] Written: C:\AICOE\eva-foundation\01-documentation-generator\.eva\veritas-plan.json
       10 features, 11 stories, 0 tasks (0 story orphans)
       Sources: README.md
       Format detected: free-form

  +ID     Stories  Tasks  Title
  ??????????????????  ?????????????????????  ???????????????  ???????????????????????????????????????????????????????????????????????????????????????
  F01-01        0      0  Overview
  F01-02        0      0  Project Structure
  F01-03        2      0  Features
  F01-04        4      0  Setup Instructions
  F01-05        2      0  Usage (After Full Migration)
  F01-06        0      0  Migration Status
  F01-07        3      0  Development
  F01-08        0      0  Related Documentation
  F01-09        0      0  Contributing
  F01-10        0      0  License

[NEXT] eva audit --repo . -- scores the repo using this plan (Stories count toward MTI; Tasks do not)
[NEXT] eva generate-ado --repo . -- creates ADO backlog CSV (Epic/Feature/Story/Task hierarchy)
[NEXT] eva generate-plan --repo . --sync-model -- pushes plan summary to data model
[NEXT] Tag your source files: # EVA-STORY: F01-03-001
[INFO] Discovering: C:\AICOE\eva-foundation\01-documentation-generator
[INFO] Using veritas-plan.json (format: free-form, 11 stories, 0 tasks)
[INFO] Planned: 10 features, 11 stories
[INFO] Actual: 96 artifacts, 0 stories tagged
[INFO] Evidence: 0 from commits, 0 from PRs, 0 from filenames
[PASS] discovery written: C:\AICOE\eva-foundation\01-documentation-generator\.eva\discovery.json
[PASS] reconciliation written: C:\AICOE\eva-foundation\01-documentation-generator\.eva\reconciliation.json
[INFO] Gaps: 11
[PASS] trust written: C:\AICOE\eva-foundation\01-documentation-generator\.eva\trust.json (score: 0)

=======================================
EVA Veritas Report: EVA Foundation - Documentation Generator
=======================================
Repo:    C:\AICOE\eva-foundation\01-documentation-generator
Planned: 10 features, 11 stories

Coverage
---------------------------------------
Stories total:          11
Stories with artifacts: 0
Stories with evidence:  0
Consistency score:      0.00

Gaps
---------------------------------------
[FAIL] missing_implementation :: F01-03-001 -- ??? Completed (Migrated from automation/)
[FAIL] missing_implementation :: F01-03-002 -- ???? Pending Migration (See PLAN.md)
[FAIL] missing_implementation :: F01-04-001 -- 1. Prerequisites
[FAIL] missing_implementation :: F01-04-002 -- 2. Installation
[FAIL] missing_implementation :: F01-04-003 -- 3. Configuration
[FAIL] missing_implementation :: F01-04-004 -- 4. Run Tests
[FAIL] missing_implementation :: F01-05-001 -- Basic Generation
[FAIL] missing_implementation :: F01-05-002 -- CLI (Coming in Phase 4)
[FAIL] missing_implementation :: F01-07-001 -- Running Tests During Development
[FAIL] missing_implementation :: F01-07-002 -- Adding New Validators
[FAIL] missing_implementation :: F01-07-003 -- Code Quality

Feature Breakdown
---------------------------------------
[  0] F01-04     Setup Instructions              0/4 artifacts  0/4 evidence  4 gaps  [NOT STARTED]
[  0] F01-07     Development                     0/3 artifacts  0/3 evidence  3 gaps  [NOT STARTED]
[  0] F01-03     Features                        0/2 artifacts  0/2 evidence  2 gaps  [NOT STARTED]
[  0] F01-05     Usage (After Full Migration)    0/2 artifacts  0/2 evidence  2 gaps  [NOT STARTED]
[  0] F01-01     Overview                        0/0 artifacts  0/0 evidence  0 gaps
[  0] F01-02     Project Structure               0/0 artifacts  0/0 evidence  0 gaps
[  0] F01-06     Migration Status                0/0 artifacts  0/0 evidence  0 gaps
[  0] F01-08     Related Documentation           0/0 artifacts  0/0 evidence  0 gaps
[  0] F01-09     Contributing                    0/0 artifacts  0/0 evidence  0 gaps
[  0] F01-10     License                         0/0 artifacts  0/0 evidence  0 gaps

Trust (MTI)
---------------------------------------
Score:   0 (no change)
Trend:   0 -> 0 -> 0 -> 0 -> 0
Actions: block, investigate
Components: coverage=0 evidence=0 consistency=0
Weights:    coverage=0.5 evidence=0.2 consistency=0.3

Improvement Hints
---------------------------------------
[ACT] To reach MTI 50 (review-required): tag 11 more stories with # EVA-STORY
      To reach MTI 70 (merge-with-approval): tag 16 more stories with # EVA-STORY
      To reach MTI 90 (deploy): tag 20 more stories with # EVA-STORY

[ACT] 11 unimplemented stories by feature (highest priority first):
      F01-04 Setup Instructions (4 gaps)
        - F01-04-001 -- 1. Prerequisites
        - F01-04-002 -- 2. Installation
        - F01-04-003 -- 3. Configuration
        - F01-04-004 -- 4. Run Tests
      F01-07 Development (3 gaps)
        - F01-07-001 -- Running Tests During Development
        - F01-07-002 -- Adding New Validators
        - F01-07-003 -- Code Quality
      F01-03 Features (2 gaps)
        - F01-03-001 -- ??? Completed (Migrated from automation/)
        - F01-03-002 -- ???? Pending Migration (See PLAN.md)
      F01-05 Usage (After Full Migration) (2 gaps)
        - F01-05-001 -- Basic Generation
        - F01-05-002 -- CLI (Coming in Phase 4)

[ACT] How to close each gap type:
      missing_implementation  -- Add a tagged source file:
        Option A: tag an existing file  -->  add  # EVA-STORY: <ID>  at the top
        Option B: create a receipt       -->  evidence/<feature-id>.py  with  # EVA-STORY: <ID>

[WARN] MTI 0 is below threshold 70 (--warn-only set, continuing)
