[INFO] generate-plan: C:\AICOE\eva-foundation\28-rbac
[INFO] Prefix: F28
[PASS] Written: C:\AICOE\eva-foundation\28-rbac\.eva\veritas-plan.json
       20 features, 43 stories, 11 tasks (0 story orphans)
       Sources: README.md
       Format detected: free-form

  +ID     Stories  Tasks  Title
  ??????????????????  ?????????????????????  ???????????????  ???????????????????????????????????????????????????????????????????????????????????????
  F28-01        0      0  ???? Documentation Suite
  F28-02        0      0  Executive Summary
  F28-03        0      0  Table of Contents
  F28-04        1      0  Architecture Overview
  F28-05        3      0  Authorization Flow
  F28-06        1      0  Group Structure
  F28-07       10      0  Cosmos DB Schema
  F28-08        3      0  Data Flow Diagrams
  F28-09        3      0  Implementation Details
  F28-10        3      0  Multi-Environment Setup
  F28-11        2      3  Debugging & Troubleshooting
  F28-12        3      0  Known Issues & Fixes
  F28-13        2      0  API Endpoints
  F28-14        2      0  Configuration Reference
  F28-15        3      0  Custom Example Prompts Per Group
  F28-16        2      8  Testing & Validation
  F28-17        3      0  Related Documentation
  F28-18        0      0  FAQ
  F28-19        2      0  Related Documentation
  F28-20        0      0  Change Log

[NEXT] eva audit --repo . -- scores the repo using this plan (Stories count toward MTI; Tasks do not)
[NEXT] eva generate-ado --repo . -- creates ADO backlog CSV (Epic/Feature/Story/Task hierarchy)
[NEXT] eva generate-plan --repo . --sync-model -- pushes plan summary to data model
[NEXT] Tag your source files: # EVA-STORY: F28-04-001
[INFO] Discovering: C:\AICOE\eva-foundation\28-rbac
[INFO] Using veritas-plan.json (format: free-form, 43 stories, 11 tasks)
[INFO] Planned: 20 features, 43 stories
[INFO] Actual: 7 artifacts, 0 stories tagged
[INFO] Evidence: 0 from commits, 0 from PRs, 0 from filenames
[PASS] discovery written: C:\AICOE\eva-foundation\28-rbac\.eva\discovery.json
[PASS] reconciliation written: C:\AICOE\eva-foundation\28-rbac\.eva\reconciliation.json
[INFO] Gaps: 43
[PASS] trust written: C:\AICOE\eva-foundation\28-rbac\.eva\trust.json (score: 0)

=======================================
EVA Veritas Report: EVA RBAC (Role-Based Access Control) - Complete Reference
=======================================
Repo:    C:\AICOE\eva-foundation\28-rbac
Planned: 20 features, 43 stories

Coverage
---------------------------------------
Stories total:          43
Stories with artifacts: 0
Stories with evidence:  0
Consistency score:      0.00

Gaps
---------------------------------------
[FAIL] missing_implementation :: F28-04-001 -- 3-Layer RBAC Model
[FAIL] missing_implementation :: F28-05-001 -- Visual Flow Diagram
[FAIL] missing_implementation :: F28-05-002 -- by-Step Process
[FAIL] missing_implementation :: F28-05-003 -- Permission Matrix by Role
[FAIL] missing_implementation :: F28-06-001 -- Naming Convention (CRITICAL)
[FAIL] missing_implementation :: F28-07-001 -- Complete Database Architecture
[FAIL] missing_implementation :: F28-07-002 -- Database 1: Group-to-Resource Mapping
[FAIL] missing_implementation :: F28-07-003 -- Item Schema
[FAIL] missing_implementation :: F28-07-004 -- Field Descriptions
[FAIL] missing_implementation :: F28-07-005 -- Database 2: User Profile Management
[FAIL] missing_implementation :: F28-07-006 -- Database 3: Document Status Tracking
[FAIL] missing_implementation :: F28-07-007 -- Database 4: Custom Example Prompts
[FAIL] missing_implementation :: F28-07-008 -- Database 5: Conversation History
[FAIL] missing_implementation :: F28-07-009 -- Field Descriptions
[FAIL] missing_implementation :: F28-07-010 -- Azure RBAC Roles Reference
[FAIL] missing_implementation :: F28-08-001 -- 1. User Login & Group Selection Flow
[FAIL] missing_implementation :: F28-08-002 -- 2. Document Upload & Processing Flow
[FAIL] missing_implementation :: F28-08-003 -- 3. Chat Request with RAG Flow
[FAIL] missing_implementation :: F28-09-001 -- Core Files
[FAIL] missing_implementation :: F28-09-002 -- Code Examples
[FAIL] missing_implementation :: F28-09-003 -- API Endpoint Integration Pattern
[FAIL] missing_implementation :: F28-10-001 -- Environment Architecture Diagram
[FAIL] missing_implementation :: F28-10-002 -- Environment Configurations
[FAIL] missing_implementation :: F28-10-003 -- Environment Switching
[FAIL] missing_implementation :: F28-11-001 -- Common Issues
[FAIL] missing_implementation :: F28-11-002 -- Fallback Mechanism Flow Diagram
[FAIL] missing_implementation :: F28-12-001 -- Fix 1: JWT Group Extraction Bug (February 4, 2026)
[FAIL] missing_implementation :: F28-12-002 -- Fix 2: LOCAL_DEBUG Mock Groups (February 4, 2026)
[FAIL] missing_implementation :: F28-12-003 -- Fix 3: Lifespan Mock Groups (Already Present)
[FAIL] missing_implementation :: F28-13-001 -- GET /getUsrGroupInfo
[FAIL] missing_implementation :: F28-13-002 -- POST /updateUsrGroupInfo
[FAIL] missing_implementation :: F28-14-001 -- Environment Variables
[FAIL] missing_implementation :: F28-14-002 -- Azure AD App Registration
[FAIL] missing_implementation :: F28-15-001 -- Configuration Location
[FAIL] missing_implementation :: F28-15-002 -- Schema
[FAIL] missing_implementation :: F28-15-003 -- Updating Examples
[FAIL] missing_implementation :: F28-16-001 -- Test Script
[FAIL] missing_implementation :: F28-16-002 -- Manual Testing Checklist
[FAIL] missing_implementation :: F28-17-001 -- Primary References
[FAIL] missing_implementation :: F28-17-002 -- Code References
[FAIL] missing_implementation :: F28-17-003 -- Debug Sessions
[FAIL] missing_implementation :: F28-19-001 -- Complete Documentation Suite
[FAIL] missing_implementation :: F28-19-002 -- Key Documentation Features

Feature Breakdown
---------------------------------------
[  0] F28-07     Cosmos DB Schema                0/10 artifacts  0/10 evidence  10 gaps  [NOT STARTED]
[  0] F28-05     Authorization Flow              0/3 artifacts  0/3 evidence  3 gaps  [NOT STARTED]
[  0] F28-08     Data Flow Diagrams              0/3 artifacts  0/3 evidence  3 gaps  [NOT STARTED]
[  0] F28-09     Implementation Details          0/3 artifacts  0/3 evidence  3 gaps  [NOT STARTED]
[  0] F28-10     Multi-Environment Setup         0/3 artifacts  0/3 evidence  3 gaps  [NOT STARTED]
[  0] F28-12     Known Issues & Fixes            0/3 artifacts  0/3 evidence  3 gaps  [NOT STARTED]
[  0] F28-15     Custom Example Prompts Per Gro  0/3 artifacts  0/3 evidence  3 gaps  [NOT STARTED]
[  0] F28-17     Related Documentation           0/3 artifacts  0/3 evidence  3 gaps  [NOT STARTED]
[  0] F28-11     Debugging & Troubleshooting     0/2 artifacts  0/2 evidence  2 gaps  [NOT STARTED]
[  0] F28-13     API Endpoints                   0/2 artifacts  0/2 evidence  2 gaps  [NOT STARTED]
[  0] F28-14     Configuration Reference         0/2 artifacts  0/2 evidence  2 gaps  [NOT STARTED]
[  0] F28-16     Testing & Validation            0/2 artifacts  0/2 evidence  2 gaps  [NOT STARTED]
[  0] F28-19     Related Documentation           0/2 artifacts  0/2 evidence  2 gaps  [NOT STARTED]
[  0] F28-04     Architecture Overview           0/1 artifacts  0/1 evidence  1 gap  [NOT STARTED]
[  0] F28-06     Group Structure                 0/1 artifacts  0/1 evidence  1 gap  [NOT STARTED]
[  0] F28-01     ???? Documentation Suite          0/0 artifacts  0/0 evidence  0 gaps
[  0] F28-02     Executive Summary               0/0 artifacts  0/0 evidence  0 gaps
[  0] F28-03     Table of Contents               0/0 artifacts  0/0 evidence  0 gaps
[  0] F28-18     FAQ                             0/0 artifacts  0/0 evidence  0 gaps
[  0] F28-20     Change Log                      0/0 artifacts  0/0 evidence  0 gaps

Trust (MTI)
---------------------------------------
Score:   0 (no change)
Trend:   0 -> 0 -> 0 -> 0 -> 0
Actions: block, investigate
Components: coverage=0 evidence=0 consistency=0
Weights:    coverage=0.5 evidence=0.2 consistency=0.3

Improvement Hints
---------------------------------------
[ACT] To reach MTI 50 (review-required): tag 43 more stories with # EVA-STORY
      To reach MTI 70 (merge-with-approval): tag 61 more stories with # EVA-STORY
      To reach MTI 90 (deploy): tag 78 more stories with # EVA-STORY

[ACT] 43 unimplemented stories by feature (highest priority first):
      F28-07 Cosmos DB Schema (10 gaps)
        - F28-07-001 -- Complete Database Architecture
        - F28-07-002 -- Database 1: Group-to-Resource Mapping
        - F28-07-003 -- Item Schema
        - F28-07-004 -- Field Descriptions
        - F28-07-005 -- Database 2: User Profile Management
        - F28-07-006 -- Database 3: Document Status Tracking
        - F28-07-007 -- Database 4: Custom Example Prompts
        - F28-07-008 -- Database 5: Conversation History
        - F28-07-009 -- Field Descriptions
        - F28-07-010 -- Azure RBAC Roles Reference
      F28-05 Authorization Flow (3 gaps)
        - F28-05-001 -- Visual Flow Diagram
        - F28-05-002 -- by-Step Process
        - F28-05-003 -- Permission Matrix by Role
      F28-08 Data Flow Diagrams (3 gaps)
        - F28-08-001 -- 1. User Login & Group Selection Flow
        - F28-08-002 -- 2. Document Upload & Processing Flow
        - F28-08-003 -- 3. Chat Request with RAG Flow
      F28-09 Implementation Details (3 gaps)
        - F28-09-001 -- Core Files
        - F28-09-002 -- Code Examples
        - F28-09-003 -- API Endpoint Integration Pattern
      F28-10 Multi-Environment Setup (3 gaps)
        - F28-10-001 -- Environment Architecture Diagram
        - F28-10-002 -- Environment Configurations
        - F28-10-003 -- Environment Switching
      F28-12 Known Issues & Fixes (3 gaps)
        - F28-12-001 -- Fix 1: JWT Group Extraction Bug (February 4, 2026)
        - F28-12-002 -- Fix 2: LOCAL_DEBUG Mock Groups (February 4, 2026)
        - F28-12-003 -- Fix 3: Lifespan Mock Groups (Already Present)
      F28-15 Custom Example Prompts Per Group (3 gaps)
        - F28-15-001 -- Configuration Location
        - F28-15-002 -- Schema
        - F28-15-003 -- Updating Examples
      F28-17 Related Documentation (3 gaps)
        - F28-17-001 -- Primary References
        - F28-17-002 -- Code References
        - F28-17-003 -- Debug Sessions
      F28-11 Debugging & Troubleshooting (2 gaps)
        - F28-11-001 -- Common Issues
        - F28-11-002 -- Fallback Mechanism Flow Diagram
      F28-13 API Endpoints (2 gaps)
        - F28-13-001 -- GET /getUsrGroupInfo
        - F28-13-002 -- POST /updateUsrGroupInfo
      F28-14 Configuration Reference (2 gaps)
        - F28-14-001 -- Environment Variables
        - F28-14-002 -- Azure AD App Registration
      F28-16 Testing & Validation (2 gaps)
        - F28-16-001 -- Test Script
        - F28-16-002 -- Manual Testing Checklist
      F28-19 Related Documentation (2 gaps)
        - F28-19-001 -- Complete Documentation Suite
        - F28-19-002 -- Key Documentation Features
      F28-04 Architecture Overview (1 gap)
        - F28-04-001 -- 3-Layer RBAC Model
      F28-06 Group Structure (1 gap)
        - F28-06-001 -- Naming Convention (CRITICAL)

[ACT] How to close each gap type:
      missing_implementation  -- Add a tagged source file:
        Option A: tag an existing file  -->  add  # EVA-STORY: <ID>  at the top
        Option B: create a receipt       -->  evidence/<feature-id>.py  with  # EVA-STORY: <ID>

[WARN] MTI 0 is below threshold 70 (--warn-only set, continuing)
