[INFO] generate-plan: C:\AICOE\eva-foundation\39-ado-dashboard
[INFO] Prefix: F39
[INFO] Enrichment applied: code-structure (4 stories)
[PASS] Written: C:\AICOE\eva-foundation\39-ado-dashboard\.eva\veritas-plan.json
       8 features, 18 stories, 0 tasks (0 story orphans)
       Sources: PLAN.md
       Format detected: free-form

  +ID            Stories  Tasks  Title
  ???????????????????????????????????????  ?????????????????????  ???????????????  ???????????????????????????????????????????????????????????????????????????????????????
  F39-01               5      0  Sprint Plan
  F39-02               7      0  ADO Setup Checklist (do once)
  F39-03               0      0  Environment Variables Needed
  F39-04               6      0  31-eva-faces Integration Checklist
  F39-05               0      0  Relationship to eva-faces
  F39-DASHBOARD        1      0  DASHBOARD API
  F39-SUMMARY          1      0  SUMMARY API
  F39-UI               2      0  UI Pages

[NEXT] eva audit --repo . -- scores the repo using this plan (Stories count toward MTI; Tasks do not)
[NEXT] eva generate-ado --repo . -- creates ADO backlog CSV (Epic/Feature/Story/Task hierarchy)
[NEXT] eva generate-plan --repo . --sync-model -- pushes plan summary to data model
[NEXT] Tag your source files: # EVA-STORY: F39-01-001
[INFO] Discovering: C:\AICOE\eva-foundation\39-ado-dashboard
[INFO] Using veritas-plan.json (format: free-form, 22 stories, 0 tasks)
[INFO] Planned: 8 features, 22 stories
[INFO] Actual: 31 artifacts, 0 stories tagged
[INFO] Evidence: 0 from commits, 0 from PRs, 0 from filenames
[PASS] discovery written: C:\AICOE\eva-foundation\39-ado-dashboard\.eva\discovery.json
[PASS] reconciliation written: C:\AICOE\eva-foundation\39-ado-dashboard\.eva\reconciliation.json
[INFO] Gaps: 22
[PASS] trust written: C:\AICOE\eva-foundation\39-ado-dashboard\.eva\trust.json (score: 0)

=======================================
EVA Veritas Report: 39-ado-dashboard ??? EVA ADO Dashboard
=======================================
Repo:    C:\AICOE\eva-foundation\39-ado-dashboard
Planned: 8 features, 22 stories

Coverage
---------------------------------------
Stories total:          22
Stories with artifacts: 0
Stories with evidence:  0
Consistency score:      0.00

Gaps
---------------------------------------
[FAIL] missing_implementation :: F39-01-001 -- Sprint 1 ??? Backend + APIM gateway *(blocked on WI-7 deploy)*
[FAIL] missing_implementation :: F39-01-002 -- Sprint 2 ??? EVA Home page *(can start in parallel with Sprint 1)*
[FAIL] missing_implementation :: F39-01-003 -- Sprint 3 ??? Sprint Board page
[FAIL] missing_implementation :: F39-01-004 -- Sprint 4 ??? Velocity + entity tags
[FAIL] missing_implementation :: F39-01-005 -- Milestone backlog (post-Sprint 4)
[FAIL] missing_implementation :: F39-02-001 -- Create Feature `EVA ADO Dashboard` under Epic id=4 in ADO
[FAIL] missing_implementation :: F39-02-002 -- Create WI-0 through WI-6 as User Stories
[FAIL] missing_implementation :: F39-02-003 -- Set sprint assignments per table above
[FAIL] missing_implementation :: F39-02-004 -- Link WI-1 ??? WI-7 (Blocked By)
[FAIL] missing_implementation :: F39-02-005 -- Set `ADO_EPIC_ID=4` in `33-eva-brain-v2` `.env`
[FAIL] missing_implementation :: F39-02-006 -- Set `ADO_PAT`, `ADO_ORG_URL`, `ADO_PROJECT` in brain `.env`
[FAIL] missing_implementation :: F39-02-007 -- Create Cosmos container `scrum-cache` (see Sprint 1 setup above)
[FAIL] missing_implementation :: F39-04-001 -- Build `EVAHomePage` per epic spec (route `/`)
[FAIL] missing_implementation :: F39-04-002 -- Build `SprintBoardPage` per epic spec (route `/devops/sprint`)
[FAIL] missing_implementation :: F39-04-003 -- Add "Sprint Board" to sidebar nav (role guard: `viewer` and above)
[FAIL] missing_implementation :: F39-04-004 -- Wire `userRole`, `userName`, `defaultLocale` from eva-faces auth context
[FAIL] missing_implementation :: F39-04-005 -- Confirm CORS / auth headers flow through APIM for `/v1/scrum/*`
[FAIL] missing_implementation :: F39-04-006 -- Create ADO WIs FACES-WI-A, FACES-WI-B, FACES-WI-C under eva-faces Feature
[FAIL] missing_implementation :: F39-DASHBOARD-001 -- GET /dashboard
[FAIL] missing_implementation :: F39-SUMMARY-001 -- GET /summary
[FAIL] missing_implementation :: F39-UI-001 -- EVAHOMEPAGE page
[FAIL] missing_implementation :: F39-UI-002 -- SPRINTBOARDP page

Feature Breakdown
---------------------------------------
[  0] F39-02     ADO Setup Checklist (do once)   0/7 artifacts  0/7 evidence  7 gaps  [NOT STARTED]
[  0] F39-04     31-eva-faces Integration Check  0/6 artifacts  0/6 evidence  6 gaps  [NOT STARTED]
[  0] F39-01     Sprint Plan                     0/5 artifacts  0/5 evidence  5 gaps  [NOT STARTED]
[  0] F39-UI     UI Pages                        0/2 artifacts  0/2 evidence  2 gaps  [NOT STARTED]
[  0] F39-DASHBOARD DASHBOARD API                   0/1 artifacts  0/1 evidence  1 gap  [NOT STARTED]
[  0] F39-SUMMARY SUMMARY API                     0/1 artifacts  0/1 evidence  1 gap  [NOT STARTED]
[  0] F39-03     Environment Variables Needed    0/0 artifacts  0/0 evidence  0 gaps
[  0] F39-05     Relationship to eva-faces       0/0 artifacts  0/0 evidence  0 gaps

Trust (MTI)
---------------------------------------
Score:   0 (no change)
Trend:   0 -> 0 -> 0 -> 0 -> 0
Actions: block, investigate
Components: coverage=0 evidence=0 consistency=0
Weights:    coverage=0.5 evidence=0.2 consistency=0.3

Improvement Hints
---------------------------------------
[ACT] To reach MTI 50 (review-required): tag 22 more stories with # EVA-STORY
      To reach MTI 70 (merge-with-approval): tag 31 more stories with # EVA-STORY
      To reach MTI 90 (deploy): tag 40 more stories with # EVA-STORY

[ACT] 22 unimplemented stories by feature (highest priority first):
      F39-02 ADO Setup Checklist (do once) (7 gaps)
        - F39-02-001 -- Create Feature `EVA ADO Dashboard` under Epic id=4 in ADO
        - F39-02-002 -- Create WI-0 through WI-6 as User Stories
        - F39-02-003 -- Set sprint assignments per table above
        - F39-02-004 -- Link WI-1 ??? WI-7 (Blocked By)
        - F39-02-005 -- Set `ADO_EPIC_ID=4` in `33-eva-brain-v2` `.env`
        - F39-02-006 -- Set `ADO_PAT`, `ADO_ORG_URL`, `ADO_PROJECT` in brain `.env`
        - F39-02-007 -- Create Cosmos container `scrum-cache` (see Sprint 1 setup above)
      F39-04 31-eva-faces Integration Checklist (6 gaps)
        - F39-04-001 -- Build `EVAHomePage` per epic spec (route `/`)
        - F39-04-002 -- Build `SprintBoardPage` per epic spec (route `/devops/sprint`)
        - F39-04-003 -- Add "Sprint Board" to sidebar nav (role guard: `viewer` and above)
        - F39-04-004 -- Wire `userRole`, `userName`, `defaultLocale` from eva-faces auth context
        - F39-04-005 -- Confirm CORS / auth headers flow through APIM for `/v1/scrum/*`
        - F39-04-006 -- Create ADO WIs FACES-WI-A, FACES-WI-B, FACES-WI-C under eva-faces Feature
      F39-01 Sprint Plan (5 gaps)
        - F39-01-001 -- Sprint 1 ??? Backend + APIM gateway *(blocked on WI-7 deploy)*
        - F39-01-002 -- Sprint 2 ??? EVA Home page *(can start in parallel with Sprint 1)*
        - F39-01-003 -- Sprint 3 ??? Sprint Board page
        - F39-01-004 -- Sprint 4 ??? Velocity + entity tags
        - F39-01-005 -- Milestone backlog (post-Sprint 4)
      F39-UI UI Pages (2 gaps)
        - F39-UI-001 -- EVAHOMEPAGE page
        - F39-UI-002 -- SPRINTBOARDP page
      F39-DASHBOARD DASHBOARD API (1 gap)
        - F39-DASHBOARD-001 -- GET /dashboard
      F39-SUMMARY SUMMARY API (1 gap)
        - F39-SUMMARY-001 -- GET /summary

[ACT] How to close each gap type:
      missing_implementation  -- Add a tagged source file:
        Option A: tag an existing file  -->  add  # EVA-STORY: <ID>  at the top
        Option B: create a receipt       -->  evidence/<feature-id>.py  with  # EVA-STORY: <ID>

[WARN] MTI 0 is below threshold 70 (--warn-only set, continuing)
