[INFO] generate-plan: C:\AICOE\eva-foundation\40-eva-control-plane
[INFO] Prefix: F40
[INFO] Enrichment applied: code-structure (5 stories)
[PASS] Written: C:\AICOE\eva-foundation\40-eva-control-plane\.eva\veritas-plan.json
       13 features, 0 stories, 0 tasks (0 story orphans)
       Sources: README.md
       Format detected: free-form

  +ID              Stories  Tasks  Title
  ?????????????????????????????????????????????  ?????????????????????  ???????????????  ???????????????????????????????????????????????????????????????????????????????????????
  F40-01                 0      0  What is this?
  F40-02                 0      0  Two-plane evidence spine
  F40-03                 0      0  Project layout
  F40-04                 0      0  Runbooks implemented
  F40-05                 0      0  Runtime API (port 8020)
  F40-06                 0      0  Quick start
  F40-07                 0      0  Relationship with 37-data-model
  F40-08                 0      0  Evidence pack schema
  F40-09                 0      0  Guardrails enforced
  F40-HEALTH             1      0  HEALTH API
  F40-ARTIFACT_ID        1      0  ARTIFACT_ID API
  F40-EVIDENCE_ID        1      0  EVIDENCE_ID API
  F40-RUN_ID             2      0  RUN_ID API

[NEXT] eva audit --repo . -- scores the repo using this plan (Stories count toward MTI; Tasks do not)
[NEXT] eva generate-ado --repo . -- creates ADO backlog CSV (Epic/Feature/Story/Task hierarchy)
[NEXT] eva generate-plan --repo . --sync-model -- pushes plan summary to data model
[INFO] Discovering: C:\AICOE\eva-foundation\40-eva-control-plane
[INFO] Using veritas-plan.json (format: free-form, 5 stories, 0 tasks)
[INFO] Planned: 13 features, 5 stories
[INFO] Actual: 24 artifacts, 0 stories tagged
[INFO] Evidence: 0 from commits, 0 from PRs, 0 from filenames
[PASS] discovery written: C:\AICOE\eva-foundation\40-eva-control-plane\.eva\discovery.json
[PASS] reconciliation written: C:\AICOE\eva-foundation\40-eva-control-plane\.eva\reconciliation.json
[INFO] Gaps: 5
[PASS] trust written: C:\AICOE\eva-foundation\40-eva-control-plane\.eva\trust.json (score: 0)

=======================================
EVA Veritas Report: 40-eva-control-plane
=======================================
Repo:    C:\AICOE\eva-foundation\40-eva-control-plane
Planned: 13 features, 5 stories

Coverage
---------------------------------------
Stories total:          5
Stories with artifacts: 0
Stories with evidence:  0
Consistency score:      0.00

Gaps
---------------------------------------
[FAIL] missing_implementation :: F40-HEALTH-001 -- GET /health
[FAIL] missing_implementation :: F40-ARTIFACT_ID-001 -- GET /{artifact_id}
[FAIL] missing_implementation :: F40-EVIDENCE_ID-001 -- GET /{evidence_id}
[FAIL] missing_implementation :: F40-RUN_ID-001 -- GET /{run_id}
[FAIL] missing_implementation :: F40-RUN_ID-002 -- PATCH /{run_id}

Feature Breakdown
---------------------------------------
[  0] F40-RUN_ID RUN_ID API                      0/2 artifacts  0/2 evidence  2 gaps  [NOT STARTED]
[  0] F40-ARTIFACT_ID ARTIFACT_ID API                 0/1 artifacts  0/1 evidence  1 gap  [NOT STARTED]
[  0] F40-EVIDENCE_ID EVIDENCE_ID API                 0/1 artifacts  0/1 evidence  1 gap  [NOT STARTED]
[  0] F40-HEALTH HEALTH API                      0/1 artifacts  0/1 evidence  1 gap  [NOT STARTED]
[  0] F40-01     What is this?                   0/0 artifacts  0/0 evidence  0 gaps
[  0] F40-02     Two-plane evidence spine        0/0 artifacts  0/0 evidence  0 gaps
[  0] F40-03     Project layout                  0/0 artifacts  0/0 evidence  0 gaps
[  0] F40-04     Runbooks implemented            0/0 artifacts  0/0 evidence  0 gaps
[  0] F40-05     Runtime API (port 8020)         0/0 artifacts  0/0 evidence  0 gaps
[  0] F40-06     Quick start                     0/0 artifacts  0/0 evidence  0 gaps
[  0] F40-07     Relationship with 37-data-mode  0/0 artifacts  0/0 evidence  0 gaps
[  0] F40-08     Evidence pack schema            0/0 artifacts  0/0 evidence  0 gaps
[  0] F40-09     Guardrails enforced             0/0 artifacts  0/0 evidence  0 gaps

Trust (MTI)
---------------------------------------
Score:   0 (no change)
Trend:   0 -> 0 -> 0 -> 0 -> 0
Actions: block, investigate
Components: coverage=0 evidence=0 consistency=0
Weights:    coverage=0.5 evidence=0.2 consistency=0.3

Improvement Hints
---------------------------------------
[ACT] To reach MTI 50 (review-required): tag 5 more stories with # EVA-STORY
      To reach MTI 70 (merge-with-approval): tag 7 more stories with # EVA-STORY
      To reach MTI 90 (deploy): tag 9 more stories with # EVA-STORY

[ACT] 5 unimplemented stories by feature (highest priority first):
      F40-RUN_ID RUN_ID API (2 gaps)
        - F40-RUN_ID-001 -- GET /{run_id}
        - F40-RUN_ID-002 -- PATCH /{run_id}
      F40-HEALTH HEALTH API (1 gap)
        - F40-HEALTH-001 -- GET /health
      F40-ARTIFACT_ID ARTIFACT_ID API (1 gap)
        - F40-ARTIFACT_ID-001 -- GET /{artifact_id}
      F40-EVIDENCE_ID EVIDENCE_ID API (1 gap)
        - F40-EVIDENCE_ID-001 -- GET /{evidence_id}

[ACT] How to close each gap type:
      missing_implementation  -- Add a tagged source file:
        Option A: tag an existing file  -->  add  # EVA-STORY: <ID>  at the top
        Option B: create a receipt       -->  evidence/<feature-id>.py  with  # EVA-STORY: <ID>

[WARN] MTI 0 is below threshold 70 (--warn-only set, continuing)
