[INFO] generate-plan: C:\AICOE\eva-foundation\25-eva-suite
[INFO] Prefix: F25
[PASS] Written: C:\AICOE\eva-foundation\25-eva-suite\.eva\veritas-plan.json
       4 features, 11 stories, 0 tasks (0 story orphans)
       Sources: PLAN.md
       Format detected: veritas

  +ID     Stories  Tasks  Title
  ??????????????????  ?????????????????????  ???????????????  ???????????????????????????????????????????????????????????????????????????????????????
  F25-01        3      0  EVA Ecosystem Orchestration
  F25-02        3      0  Cloud Housekeeping -- Azure
  F25-03        3      0  Cloud Housekeeping -- GitHub
  F25-04        2      0  Marco Command Center

[NEXT] eva audit --repo . -- scores the repo using this plan (Stories count toward MTI; Tasks do not)
[NEXT] eva generate-ado --repo . -- creates ADO backlog CSV (Epic/Feature/Story/Task hierarchy)
[NEXT] eva generate-plan --repo . --sync-model -- pushes plan summary to data model
[NEXT] Tag your source files: # EVA-STORY: F25-01-001
[INFO] Discovering: C:\AICOE\eva-foundation\25-eva-suite
[INFO] Using veritas-plan.json (format: veritas, 11 stories, 0 tasks)
[INFO] Planned: 4 features, 11 stories
[INFO] Actual: 69 artifacts, 11 stories tagged
[INFO] Evidence: 0 from commits, 0 from PRs, 0 from filenames
[PASS] discovery written: C:\AICOE\eva-foundation\25-eva-suite\.eva\discovery.json
[PASS] reconciliation written: C:\AICOE\eva-foundation\25-eva-suite\.eva\reconciliation.json
[INFO] Gaps: 0
[PASS] trust written: C:\AICOE\eva-foundation\25-eva-suite\.eva\trust.json (score: 50)

=======================================
EVA Veritas Report: 25-eva-suite
=======================================
Repo:    C:\AICOE\eva-foundation\25-eva-suite
Planned: 4 features, 11 stories

Coverage
---------------------------------------
Stories total:          11
Stories with artifacts: 11
Stories with evidence:  0
Consistency score:      0.00

Gaps
---------------------------------------
[PASS] No gaps detected

Feature Breakdown
---------------------------------------
[ 50] F25-01     EVA Ecosystem Orchestration     3/3 artifacts  0/3 evidence  0 gaps
[ 50] F25-02     Cloud Housekeeping -- Azure     3/3 artifacts  0/3 evidence  0 gaps
[ 50] F25-03     Cloud Housekeeping -- GitHub    3/3 artifacts  0/3 evidence  0 gaps
[ 50] F25-04     Marco Command Center            2/2 artifacts  0/2 evidence  0 gaps

Implemented
---------------------------------------
[IMPL] F25-01-001 -- Ecosystem refresh orchestrator (1 artifact)
[IMPL] F25-01-002 -- Module dependency graph (1 artifact)
[IMPL] F25-01-003 -- Scheduled refresh via task scheduler (1 artifact)
[IMPL] F25-02-001 -- Prune unused Azure resources (1 artifact)
[IMPL] F25-02-002 -- Tag compliance sweep (1 artifact)
[IMPL] F25-02-003 -- Cost anomaly alert response (1 artifact)
[IMPL] F25-03-001 -- Archive stale repos (1 artifact)
[IMPL] F25-03-002 -- Branch protection enforcement (1 artifact)
[IMPL] F25-03-003 -- Secret scanning status report (1 artifact)
[IMPL] F25-04-001 -- Quick-reference commands for common ops (1 artifact)
[IMPL] F25-04-002 -- Runbook integration (1 artifact)

Trust (MTI)
---------------------------------------
Score:   50 (+50)
Trend:   0 -> 0 -> 0 -> 0 -> 0 -> 0 -> 0 -> 50
Actions: review-required, no-deploy
Components: coverage=1 evidence=0 consistency=0
Weights:    coverage=0.5 evidence=0.2 consistency=0.3

[WARN] MTI 50 is below threshold 70 (--warn-only set, continuing)
