[INFO] generate-plan: C:\AICOE\eva-foundation\43-spark
[INFO] Prefix: F43
[PASS] Written: C:\AICOE\eva-foundation\43-spark\.eva\veritas-plan.json
       12 features, 5 stories, 0 tasks (0 story orphans)
       Sources: PLAN.md
       Format detected: veritas

  +ID     Stories  Tasks  Title
  ??????????????????  ?????????????????????  ???????????????  ???????????????????????????????????????????????????????????????????????????????????????
  F43-01        0      0  Objective
  F43-02        5      0  Guiding Principles
  F43-03        0      0  Phase Structure
  F43-04        0      0  Phase 0 ? Prompt Engineering ?
  F43-05        0      0  Phase 1 ? Spark Bootstrap
  F43-06        0      0  Phase 2 ? Shared Components
  F43-07        0      0  Phase 3 ? Screens
  F43-08        0      0  Phase 4 ? Quality Pass
  F43-09        0      0  Phase 5 ? Repository & CI
  F43-10        0      0  Phase 6 ? Codespace Hardening
  F43-11        0      0  Risk Register
  F43-12        0      0  Success Definition

[NEXT] eva audit --repo . -- scores the repo using this plan (Stories count toward MTI; Tasks do not)
[NEXT] eva generate-ado --repo . -- creates ADO backlog CSV (Epic/Feature/Story/Task hierarchy)
[NEXT] eva generate-plan --repo . --sync-model -- pushes plan summary to data model
[NEXT] Tag your source files: # EVA-STORY: F43-02-001
[INFO] Discovering: C:\AICOE\eva-foundation\43-spark
[INFO] Using veritas-plan.json (format: veritas, 5 stories, 0 tasks)
[INFO] Planned: 12 features, 5 stories
[INFO] Actual: 14 artifacts, 5 stories tagged
[INFO] Evidence: 0 from commits, 0 from PRs, 0 from filenames
[PASS] discovery written: C:\AICOE\eva-foundation\43-spark\.eva\discovery.json
[PASS] reconciliation written: C:\AICOE\eva-foundation\43-spark\.eva\reconciliation.json
[INFO] Gaps: 0
[PASS] trust written: C:\AICOE\eva-foundation\43-spark\.eva\trust.json (score: 50)

=======================================
EVA Veritas Report: 43-spark ??? EVA Spark Springboard
=======================================
Repo:    C:\AICOE\eva-foundation\43-spark
Planned: 12 features, 5 stories

Coverage
---------------------------------------
Stories total:          5
Stories with artifacts: 5
Stories with evidence:  0
Consistency score:      0.00

Gaps
---------------------------------------
[PASS] No gaps detected

Feature Breakdown
---------------------------------------
[  0] F43-01     Objective                       0/0 artifacts  0/0 evidence  0 gaps
[ 50] F43-02     Guiding Principles              5/5 artifacts  0/5 evidence  0 gaps
[  0] F43-03     Phase Structure                 0/0 artifacts  0/0 evidence  0 gaps
[  0] F43-04     Phase 0 ? Prompt Engineering ?  0/0 artifacts  0/0 evidence  0 gaps
[  0] F43-05     Phase 1 ? Spark Bootstrap       0/0 artifacts  0/0 evidence  0 gaps
[  0] F43-06     Phase 2 ? Shared Components     0/0 artifacts  0/0 evidence  0 gaps
[  0] F43-07     Phase 3 ? Screens               0/0 artifacts  0/0 evidence  0 gaps
[  0] F43-08     Phase 4 ? Quality Pass          0/0 artifacts  0/0 evidence  0 gaps
[  0] F43-09     Phase 5 ? Repository & CI       0/0 artifacts  0/0 evidence  0 gaps
[  0] F43-10     Phase 6 ? Codespace Hardening   0/0 artifacts  0/0 evidence  0 gaps
[  0] F43-11     Risk Register                   0/0 artifacts  0/0 evidence  0 gaps
[  0] F43-12     Success Definition              0/0 artifacts  0/0 evidence  0 gaps

Implemented
---------------------------------------
[IMPL] F43-02-001 -- 1 ? Paste the initial Spark prompt (1 artifact)
[IMPL] F43-02-002 -- 2 ? Review the preview (1 artifact)
[IMPL] F43-02-003 -- 3 ? Open in Codespace (1 artifact)
[IMPL] F43-02-004 -- 4 ? Attach context and iterate (1 artifact)
[IMPL] F43-02-005 -- 5 ? Validate (1 artifact)

Trust (MTI)
---------------------------------------
Score:   50 (+50)
Trend:   0 -> 0 -> 0 -> 0 -> 0 -> 0 -> 0 -> 0 -> 50
Actions: review-required, no-deploy
Components: coverage=1 evidence=0 consistency=0
Weights:    coverage=0.5 evidence=0.2 consistency=0.3

[WARN] MTI 50 is below threshold 70 (--warn-only set, continuing)
