[10:37:14] [STEP1] Loading endpoints (wbs_id index)...
[10:37:14]   endpoints indexed: 186
[10:37:14] [STEP2] Loading requirements...
[10:37:14]   requirements: 24
[10:37:14] [STEP3] Building test_ids for each requirement...
[10:37:33] [STEP1] Loading endpoints (wbs_id index)...
[10:37:34]   endpoints indexed: 186
[10:37:34] [STEP2] Loading requirements...
[10:37:34]   requirements: 24
[10:37:34] [STEP3] Building test_ids for each requirement...
[10:37:34]   EPIC-001: 7 test_ids (F33-06-001, F33-CHAT-001, F33-06-019...)
[10:37:34]   AC-001: 1 test_ids (F33-HEALTH-001...)
[10:37:34]   updated=2  already_set=0  no_match=22  failed=0
[10:37:34] [STEP4] Spot-check...
[10:37:34]   SPOT EPIC-001: test_ids.Count=7 expected=7 --> [PASS]
[10:37:34]   SPOT AC-001: test_ids.Count=1 expected=1 --> [PASS]
[10:37:34] 
[10:37:34] === WIRE #4 COMPLETE ===
[10:37:34]   updated=2  test_ids_total=8
[10:37:34]   spot=2/2  mode=LIVE
[10:37:34]   [PASS]
