[INFO] generate-plan: C:\AICOE\eva-foundation\05-extract-cases
[INFO] Prefix: F05
[PASS] Written: C:\AICOE\eva-foundation\05-extract-cases\.eva\veritas-plan.json
       8 features, 8 stories, 0 tasks (0 story orphans)
       Sources: README.md
       Format detected: free-form

  +ID     Stories  Tasks  Title
  ??????????????????  ?????????????????????  ???????????????  ???????????????????????????????????????????????????????????????????????????????????????
  F05-01        0      0  Purpose (Phase-1, authoritative)
  F05-02        0      0  Non-goals (explicit)
  F05-03        5      0  Authoritative Phase-1 data flow
  F05-04        0      0  Canonical `metadata_storage_path` (critical)
  F05-05        0      0  Why case-level (for future developers)
  F05-06        3      0  Dry-run, validation, and deterministic failures
  F05-07        0      0  Notes on repository contents
  F05-08        0      0  Future evolution (out of scope for Project 05 Phase-1)

[NEXT] eva audit --repo . -- scores the repo using this plan (Stories count toward MTI; Tasks do not)
[NEXT] eva generate-ado --repo . -- creates ADO backlog CSV (Epic/Feature/Story/Task hierarchy)
[NEXT] eva generate-plan --repo . --sync-model -- pushes plan summary to data model
[NEXT] Tag your source files: # EVA-STORY: F05-03-001
[INFO] Discovering: C:\AICOE\eva-foundation\05-extract-cases
[INFO] Using veritas-plan.json (format: free-form, 8 stories, 0 tasks)
[INFO] Planned: 8 features, 8 stories
[INFO] Actual: 67 artifacts, 0 stories tagged
[INFO] Evidence: 0 from commits, 0 from PRs, 0 from filenames
[PASS] discovery written: C:\AICOE\eva-foundation\05-extract-cases\.eva\discovery.json
[PASS] reconciliation written: C:\AICOE\eva-foundation\05-extract-cases\.eva\reconciliation.json
[INFO] Gaps: 8
[PASS] trust written: C:\AICOE\eva-foundation\05-extract-cases\.eva\trust.json (score: 0)

=======================================
EVA Veritas Report: 05-Extract-Cases (Project 05)
=======================================
Repo:    C:\AICOE\eva-foundation\05-extract-cases
Planned: 8 features, 8 stories

Coverage
---------------------------------------
Stories total:          8
Stories with artifacts: 0
Stories with evidence:  0
Consistency score:      0.00

Gaps
---------------------------------------
[FAIL] missing_implementation :: F05-03-001 -- 1) Input
[FAIL] missing_implementation :: F05-03-002 -- 2) Aggregation strategy
[FAIL] missing_implementation :: F05-03-003 -- 3) Metadata enrichment (Plan-2)
[FAIL] missing_implementation :: F05-03-004 -- 4) Export
[FAIL] missing_implementation :: F05-03-005 -- 5) Ingestion
[FAIL] missing_implementation :: F05-06-001 -- Standard usage (random selection):
[FAIL] missing_implementation :: F05-06-002 -- CSV-driven selection (for accuracy testing):
[FAIL] missing_implementation :: F05-06-003 -- Expected files in `--out`:

Feature Breakdown
---------------------------------------
[  0] F05-03     Authoritative Phase-1 data flo  0/5 artifacts  0/5 evidence  5 gaps  [NOT STARTED]
[  0] F05-06     Dry-run, validation, and deter  0/3 artifacts  0/3 evidence  3 gaps  [NOT STARTED]
[  0] F05-01     Purpose (Phase-1, authoritativ  0/0 artifacts  0/0 evidence  0 gaps
[  0] F05-02     Non-goals (explicit)            0/0 artifacts  0/0 evidence  0 gaps
[  0] F05-04     Canonical `metadata_storage_pa  0/0 artifacts  0/0 evidence  0 gaps
[  0] F05-05     Why case-level (for future dev  0/0 artifacts  0/0 evidence  0 gaps
[  0] F05-07     Notes on repository contents    0/0 artifacts  0/0 evidence  0 gaps
[  0] F05-08     Future evolution (out of scope  0/0 artifacts  0/0 evidence  0 gaps

Trust (MTI)
---------------------------------------
Score:   0 (no change)
Trend:   0 -> 0 -> 0 -> 0
Actions: block, investigate
Components: coverage=0 evidence=0 consistency=0
Weights:    coverage=0.5 evidence=0.2 consistency=0.3

Improvement Hints
---------------------------------------
[ACT] To reach MTI 50 (review-required): tag 8 more stories with # EVA-STORY
      To reach MTI 70 (merge-with-approval): tag 12 more stories with # EVA-STORY
      To reach MTI 90 (deploy): tag 15 more stories with # EVA-STORY

[ACT] 8 unimplemented stories by feature (highest priority first):
      F05-03 Authoritative Phase-1 data flow (5 gaps)
        - F05-03-001 -- 1) Input
        - F05-03-002 -- 2) Aggregation strategy
        - F05-03-003 -- 3) Metadata enrichment (Plan-2)
        - F05-03-004 -- 4) Export
        - F05-03-005 -- 5) Ingestion
      F05-06 Dry-run, validation, and deterministic failures (3 gaps)
        - F05-06-001 -- Standard usage (random selection):
        - F05-06-002 -- CSV-driven selection (for accuracy testing):
        - F05-06-003 -- Expected files in `--out`:

[ACT] How to close each gap type:
      missing_implementation  -- Add a tagged source file:
        Option A: tag an existing file  -->  add  # EVA-STORY: <ID>  at the top
        Option B: create a receipt       -->  evidence/<feature-id>.py  with  # EVA-STORY: <ID>

[WARN] MTI 0 is below threshold 70 (--warn-only set, continuing)
