[INFO] generate-plan: C:\AICOE\eva-foundation\17-apim
[INFO] Prefix: F17
[PASS] Written: C:\AICOE\eva-foundation\17-apim\.eva\veritas-plan.json
       13 features, 18 stories, 0 tasks (0 story orphans)
       Sources: PLAN.md
       Format detected: phase-sprint

  +ID     Stories  Tasks  Title
  ??????????????????  ?????????????????????  ???????????????  ???????????????????????????????????????????????????????????????????????????????????????
  F17-01        4      0  ???? PROJECT STATUS DASHBOARD
  F17-02        0      0  Executive Summary
  F17-03        4      0  Phase 3: APIM Design & Setup (2-3 weeks, 44-60 hours)
  F17-04        5      0  Phase 4: Backend Middleware & Header Propagation (2 weeks, 40-56 hours)
  F17-05        5      0  Phase 5: Testing & Cutover (1 week, 40-56 hours)
  F17-06        0      0  Master Timeline & Sequencing
  F17-07        0      0  Critical Path & Risk Mitigation
  F17-08        0      0  Definition of Done (Project-Level)
  F17-09        0      0  Acceptance Criteria
  F17-10        0      0  Owner & Team Composition
  F17-11        0      0  Success Metrics (Post-Go-Live)
  F17-12        0      0  Next Steps (Immediate)
  F17-13        0      0  Reference Documents

[NEXT] eva audit --repo . -- scores the repo using this plan (Stories count toward MTI; Tasks do not)
[NEXT] eva generate-ado --repo . -- creates ADO backlog CSV (Epic/Feature/Story/Task hierarchy)
[NEXT] eva generate-plan --repo . --sync-model -- pushes plan summary to data model
[NEXT] Tag your source files: # EVA-STORY: F17-01-001
[INFO] Discovering: C:\AICOE\eva-foundation\17-apim
[INFO] Using veritas-plan.json (format: phase-sprint, 18 stories, 0 tasks)
[INFO] Planned: 13 features, 18 stories
[INFO] Actual: 58 artifacts, 0 stories tagged
[INFO] Evidence: 0 from commits, 0 from PRs, 0 from filenames
[PASS] discovery written: C:\AICOE\eva-foundation\17-apim\.eva\discovery.json
[PASS] reconciliation written: C:\AICOE\eva-foundation\17-apim\.eva\reconciliation.json
[INFO] Gaps: 18
[PASS] trust written: C:\AICOE\eva-foundation\17-apim\.eva\trust.json (score: 0)

=======================================
EVA Veritas Report: OVERVIEW: Getting APIM into InfoJP PoC
=======================================
Repo:    C:\AICOE\eva-foundation\17-apim
Planned: 13 features, 18 stories

Coverage
---------------------------------------
Stories total:          18
Stories with artifacts: 0
Stories with evidence:  0
Consistency score:      0.00

Gaps
---------------------------------------
[FAIL] missing_implementation :: F17-01-001 -- Phase Completion Matrix
[FAIL] missing_implementation :: F17-01-002 -- Critical Findings Impact
[FAIL] missing_implementation :: F17-01-003 -- Current Blockers & Risks
[FAIL] missing_implementation :: F17-01-004 -- Next Milestone: Phase 3A Kickoff
[FAIL] missing_implementation :: F17-03-001 -- Phase 3A: Generate OpenAPI Specification
[FAIL] missing_implementation :: F17-03-002 -- Phase 3B: Design APIM Policies
[FAIL] missing_implementation :: F17-03-003 -- Phase 3C: Create Deployment & Cutover Plan
[FAIL] missing_implementation :: F17-03-004 -- Phase 3 Summary Table
[FAIL] missing_implementation :: F17-04-001 -- Phase 4A: Governance Logging Middleware
[FAIL] missing_implementation :: F17-04-002 -- Phase 4B: Authorization Enforcement Middleware
[FAIL] missing_implementation :: F17-04-003 -- Phase 4C: Cosmos DB Schema Extension
[FAIL] missing_implementation :: F17-04-004 -- Phase 4D: Cost Attribution Queries (KQL/SQL)
[FAIL] missing_implementation :: F17-04-005 -- Phase 4 Summary Table
[FAIL] missing_implementation :: F17-05-001 -- Phase 5A: Integration Testing
[FAIL] missing_implementation :: F17-05-002 -- Phase 5B: Performance Testing
[FAIL] missing_implementation :: F17-05-003 -- Phase 5C: User Acceptance Testing (UAT)
[FAIL] missing_implementation :: F17-05-004 -- Phase 5D: Go-Live Cutover & Monitoring
[FAIL] missing_implementation :: F17-05-005 -- Phase 5 Summary Table

Feature Breakdown
---------------------------------------
[  0] F17-04     Phase 4: Backend Middleware &   0/5 artifacts  0/5 evidence  5 gaps  [NOT STARTED]
[  0] F17-05     Phase 5: Testing & Cutover (1   0/5 artifacts  0/5 evidence  5 gaps  [NOT STARTED]
[  0] F17-01     ???? PROJECT STATUS DASHBOARD     0/4 artifacts  0/4 evidence  4 gaps  [NOT STARTED]
[  0] F17-03     Phase 3: APIM Design & Setup (  0/4 artifacts  0/4 evidence  4 gaps  [NOT STARTED]
[  0] F17-02     Executive Summary               0/0 artifacts  0/0 evidence  0 gaps
[  0] F17-06     Master Timeline & Sequencing    0/0 artifacts  0/0 evidence  0 gaps
[  0] F17-07     Critical Path & Risk Mitigatio  0/0 artifacts  0/0 evidence  0 gaps
[  0] F17-08     Definition of Done (Project-Le  0/0 artifacts  0/0 evidence  0 gaps
[  0] F17-09     Acceptance Criteria             0/0 artifacts  0/0 evidence  0 gaps
[  0] F17-10     Owner & Team Composition        0/0 artifacts  0/0 evidence  0 gaps
[  0] F17-11     Success Metrics (Post-Go-Live)  0/0 artifacts  0/0 evidence  0 gaps
[  0] F17-12     Next Steps (Immediate)          0/0 artifacts  0/0 evidence  0 gaps
[  0] F17-13     Reference Documents             0/0 artifacts  0/0 evidence  0 gaps

Trust (MTI)
---------------------------------------
Score:   0 (no change)
Trend:   0 -> 0 -> 0 -> 0
Actions: block, investigate
Components: coverage=0 evidence=0 consistency=0
Weights:    coverage=0.5 evidence=0.2 consistency=0.3

Improvement Hints
---------------------------------------
[ACT] To reach MTI 50 (review-required): tag 18 more stories with # EVA-STORY
      To reach MTI 70 (merge-with-approval): tag 26 more stories with # EVA-STORY
      To reach MTI 90 (deploy): tag 33 more stories with # EVA-STORY

[ACT] 18 unimplemented stories by feature (highest priority first):
      F17-04 Phase 4: Backend Middleware & Header Propagation (2 weeks, 40-56 hours) (5 gaps)
        - F17-04-001 -- Phase 4A: Governance Logging Middleware
        - F17-04-002 -- Phase 4B: Authorization Enforcement Middleware
        - F17-04-003 -- Phase 4C: Cosmos DB Schema Extension
        - F17-04-004 -- Phase 4D: Cost Attribution Queries (KQL/SQL)
        - F17-04-005 -- Phase 4 Summary Table
      F17-05 Phase 5: Testing & Cutover (1 week, 40-56 hours) (5 gaps)
        - F17-05-001 -- Phase 5A: Integration Testing
        - F17-05-002 -- Phase 5B: Performance Testing
        - F17-05-003 -- Phase 5C: User Acceptance Testing (UAT)
        - F17-05-004 -- Phase 5D: Go-Live Cutover & Monitoring
        - F17-05-005 -- Phase 5 Summary Table
      F17-01 ???? PROJECT STATUS DASHBOARD (4 gaps)
        - F17-01-001 -- Phase Completion Matrix
        - F17-01-002 -- Critical Findings Impact
        - F17-01-003 -- Current Blockers & Risks
        - F17-01-004 -- Next Milestone: Phase 3A Kickoff
      F17-03 Phase 3: APIM Design & Setup (2-3 weeks, 44-60 hours) (4 gaps)
        - F17-03-001 -- Phase 3A: Generate OpenAPI Specification
        - F17-03-002 -- Phase 3B: Design APIM Policies
        - F17-03-003 -- Phase 3C: Create Deployment & Cutover Plan
        - F17-03-004 -- Phase 3 Summary Table

[ACT] How to close each gap type:
      missing_implementation  -- Add a tagged source file:
        Option A: tag an existing file  -->  add  # EVA-STORY: <ID>  at the top
        Option B: create a receipt       -->  evidence/<feature-id>.py  with  # EVA-STORY: <ID>

[WARN] MTI 0 is below threshold 70 (--warn-only set, continuing)
