[INFO] generate-plan: C:\AICOE\eva-foundation\46-accelerator
[INFO] Prefix: F46
[PASS] Written: C:\AICOE\eva-foundation\46-accelerator\.eva\veritas-plan.json
       6 features, 23 stories, 9 tasks (0 story orphans)
       Sources: PLAN.md
       Format detected: veritas

  +ID     Stories  Tasks  Title
  ??????????????????  ?????????????????????  ???????????????  ???????????????????????????????????????????????????????????????????????????????????????
  F46-01        7      0  Fluent UI Migration
  F46-02        3      0  EVA Spark Design System Integration
  F46-03        4      0  EVA Brain v2 AI Assistant
  F46-04        3      6  Governance and Evidence
  F46-05        5      0  Booking Screens @eva/ui Migration
  F46-06        1      3  GitHub Actions CI

[NEXT] eva audit --repo . -- scores the repo using this plan (Stories count toward MTI; Tasks do not)
[NEXT] eva generate-ado --repo . -- creates ADO backlog CSV (Epic/Feature/Story/Task hierarchy)
[NEXT] eva generate-plan --repo . --sync-model -- pushes plan summary to data model
[NEXT] Tag your source files: # EVA-STORY: F46-01-001
[INFO] Discovering: C:\AICOE\eva-foundation\46-accelerator
[INFO] Using veritas-plan.json (format: veritas, 23 stories, 9 tasks)
[INFO] Planned: 6 features, 23 stories
[INFO] Actual: 111 artifacts, 23 stories tagged
[INFO] Evidence: 0 from commits, 0 from PRs, 0 from filenames
[PASS] discovery written: C:\AICOE\eva-foundation\46-accelerator\.eva\discovery.json
[PASS] reconciliation written: C:\AICOE\eva-foundation\46-accelerator\.eva\reconciliation.json
[INFO] Gaps: 0
[PASS] trust written: C:\AICOE\eva-foundation\46-accelerator\.eva\trust.json (score: 70)

=======================================
EVA Veritas Report: EVA Domain Assistant ??? Accelerator Portal
=======================================
Repo:    C:\AICOE\eva-foundation\46-accelerator
Planned: 6 features, 23 stories

Coverage
---------------------------------------
Stories total:          23
Stories with artifacts: 23
Stories with evidence:  23
Consistency score:      0.00

Gaps
---------------------------------------
[PASS] No gaps detected

Feature Breakdown
---------------------------------------
[ 70] F46-01     Fluent UI Migration             7/7 artifacts  7/7 evidence  0 gaps
[ 70] F46-02     EVA Spark Design System Integr  3/3 artifacts  3/3 evidence  0 gaps
[ 70] F46-03     EVA Brain v2 AI Assistant       4/4 artifacts  4/4 evidence  0 gaps
[ 70] F46-04     Governance and Evidence         3/3 artifacts  3/3 evidence  0 gaps
[ 70] F46-05     Booking Screens @eva/ui Migrat  5/5 artifacts  5/5 evidence  0 gaps
[ 70] F46-06     GitHub Actions CI               1/1 artifacts  1/1 evidence  0 gaps

Implemented
---------------------------------------
[EVIDENCE] F46-01-001 -- Migrate App shell and navigation (2 artifacts)
[EVIDENCE] F46-01-002 -- Migrate BookingDialog to Fluent UI (2 artifacts)
[EVIDENCE] F46-01-003 -- Migrate ExitSurveyDialog to Fluent UI (2 artifacts)
[EVIDENCE] F46-01-004 -- Migrate TeamManagementDialog to Fluent UI (2 artifacts)
[EVIDENCE] F46-01-005 -- Migrate MyBookings to Fluent UI (2 artifacts)
[EVIDENCE] F46-01-006 -- Migrate AdminDashboard to Fluent UI (2 artifacts)
[EVIDENCE] F46-01-007 -- Wire localStorage persistence hook (2 artifacts)
[EVIDENCE] F46-02-001 -- Wire @eva/gc-design-system and @eva/ui dependencies (3 artifacts)
[EVIDENCE] F46-02-002 -- Replace FluentProvider with GCThemeProvider in App.tsx (2 artifacts)
[EVIDENCE] F46-02-003 -- Replace raw Button with EvaButton in App.tsx navigation (2 artifacts)
[EVIDENCE] F46-03-001 -- Implement brain-client.ts typed API client (2 artifacts)
[EVIDENCE] F46-03-002 -- Add /api/brain Vite proxy (2 artifacts)
[EVIDENCE] F46-03-003 -- Build AIAssistant chat panel component (2 artifacts)
[EVIDENCE] F46-03-004 -- Add AI Assistant view to App.tsx (2 artifacts)
[EVIDENCE] F46-04-001 -- Create PLAN.md, STATUS.md, ACCEPTANCE.md (1 artifact)
[EVIDENCE] F46-04-002 -- Add EVA-STORY tags to all source files (1 artifact)
[EVIDENCE] F46-04-003 -- Update 37-data-model project record (1 artifact)
[EVIDENCE] F46-05-001 -- Migrate WorkspaceCatalog to @eva/ui (2 artifacts)
[EVIDENCE] F46-05-002 -- Migrate BookingDialog to @eva/ui (2 artifacts)
[EVIDENCE] F46-05-003 -- Migrate MyBookings to @eva/ui (2 artifacts)
[EVIDENCE] F46-05-004 -- Migrate ExitSurveyDialog to @eva/ui (2 artifacts)
[EVIDENCE] F46-05-005 -- Migrate TeamManagementDialog to @eva/ui (2 artifacts)
[EVIDENCE] F46-06-001 -- Add CI workflow (1 artifact)

Trust (MTI)
---------------------------------------
Score:   70 (no change)
Trend:   0 -> 0 -> 0 -> 21 -> 67 -> 70 -> 70 -> 70 -> 70
Actions: test, review, merge-with-approval
Components: coverage=1 evidence=1 consistency=0
Weights:    coverage=0.5 evidence=0.2 consistency=0.3

Model Fidelity (informational)
---------------------------------------
Score:   55%  (154/279 declared entities verified)
[ACT] 125 declared entities have no matching implementation
Drifted:
  [screen] JpSparkLayout -- declared: repo_path_declared -- actual: not_found
  [screen] JpSparkChatPage -- declared: repo_path_declared -- actual: not_found
  [screen] JpSparkContentPage -- declared: repo_path_declared -- actual: not_found
  [screen] JpSparkTranslatorPage -- declared: repo_path_declared -- actual: not_found
  [screen] JpSparkUrlScrapperPage -- declared: repo_path_declared -- actual: not_found
  [screen] JpSparkTDAPage -- declared: repo_path_declared -- actual: not_found
  [screen] JpSparkTutorPage -- declared: repo_path_declared -- actual: not_found
  [endpoint] GET /v1/health/background -- declared: implemented -- actual: not_found
  ... and 117 more
[ACT] Container 'jobs' schema drift impacts: 0 endpoint(s), 0 screen(s)
[ACT] Container 'extracted_content' schema drift impacts: 0 endpoint(s), 0 screen(s)
[ACT] Container 'chunks' schema drift impacts: 0 endpoint(s), 0 screen(s)
[ACT] Container 'audit_logs' schema drift impacts: 0 endpoint(s), 0 screen(s)
[ACT] Container 'content_access_logs' schema drift impacts: 0 endpoint(s), 0 screen(s)
[ACT] Container 'sessions' schema drift impacts: 0 endpoint(s), 0 screen(s)
[ACT] Container 'messages' schema drift impacts: 0 endpoint(s), 0 screen(s)
[ACT] Container 'scrum-cache' schema drift impacts: 0 endpoint(s), 0 screen(s)
[ACT] Container 'config' schema drift impacts: 0 endpoint(s), 0 screen(s)
[ACT] Container 'apps' schema drift impacts: 0 endpoint(s), 0 screen(s)
[ACT] Container 'model_objects' schema drift impacts: 0 endpoint(s), 0 screen(s)
[ACT] Container 'translations' schema drift impacts: 0 endpoint(s), 0 screen(s)
[ACT] Container 'content_logs' schema drift impacts: 0 endpoint(s), 0 screen(s)
[INFO] Rerun: eva model-audit --repo . (generated 2026-02-25)

