[INFO] generate-plan: C:\AICOE\eva-foundation\01-documentation-generator
[INFO] Prefix: F01
[PASS] Written: C:\AICOE\eva-foundation\01-documentation-generator\.eva\veritas-plan.json
       10 features, 11 stories, 0 tasks (0 story orphans)
       Sources: PLAN.md
       Format detected: veritas

  +ID     Stories  Tasks  Title
  ??????????????????  ?????????????????????  ???????????????  ???????????????????????????????????????????????????????????????????????????????????????
  F01-01        0      0  Overview
  F01-02        0      0  Project Structure
  F01-03        2      0  Features
  F01-04        4      0  Setup Instructions
  F01-05        2      0  Usage (After Full Migration)
  F01-06        0      0  Migration Status
  F01-07        3      0  Development
  F01-08        0      0  Related Documentation
  F01-09        0      0  Contributing
  F01-10        0      0  License

[NEXT] eva audit --repo . -- scores the repo using this plan (Stories count toward MTI; Tasks do not)
[NEXT] eva generate-ado --repo . -- creates ADO backlog CSV (Epic/Feature/Story/Task hierarchy)
[NEXT] eva generate-plan --repo . --sync-model -- pushes plan summary to data model
[NEXT] Tag your source files: # EVA-STORY: F01-03-001
[INFO] Discovering: C:\AICOE\eva-foundation\01-documentation-generator
[INFO] Using veritas-plan.json (format: veritas, 11 stories, 0 tasks)
[INFO] Planned: 10 features, 11 stories
[INFO] Actual: 97 artifacts, 11 stories tagged
[INFO] Evidence: 0 from commits, 0 from PRs, 0 from filenames
[PASS] discovery written: C:\AICOE\eva-foundation\01-documentation-generator\.eva\discovery.json
[PASS] reconciliation written: C:\AICOE\eva-foundation\01-documentation-generator\.eva\reconciliation.json
[INFO] Gaps: 0
[PASS] trust written: C:\AICOE\eva-foundation\01-documentation-generator\.eva\trust.json (score: 50)

=======================================
EVA Veritas Report: EVA Foundation - Documentation Generator
=======================================
Repo:    C:\AICOE\eva-foundation\01-documentation-generator
Planned: 10 features, 11 stories

Coverage
---------------------------------------
Stories total:          11
Stories with artifacts: 11
Stories with evidence:  0
Consistency score:      0.00

Gaps
---------------------------------------
[PASS] No gaps detected

Feature Breakdown
---------------------------------------
[  0] F01-01     Overview                        0/0 artifacts  0/0 evidence  0 gaps
[  0] F01-02     Project Structure               0/0 artifacts  0/0 evidence  0 gaps
[ 50] F01-03     Features                        2/2 artifacts  0/2 evidence  0 gaps
[ 50] F01-04     Setup Instructions              4/4 artifacts  0/4 evidence  0 gaps
[ 50] F01-05     Usage (After Full Migration)    2/2 artifacts  0/2 evidence  0 gaps
[  0] F01-06     Migration Status                0/0 artifacts  0/0 evidence  0 gaps
[ 50] F01-07     Development                     3/3 artifacts  0/3 evidence  0 gaps
[  0] F01-08     Related Documentation           0/0 artifacts  0/0 evidence  0 gaps
[  0] F01-09     Contributing                    0/0 artifacts  0/0 evidence  0 gaps
[  0] F01-10     License                         0/0 artifacts  0/0 evidence  0 gaps

Implemented
---------------------------------------
[IMPL] F01-03-001 -- ? Completed (Migrated from automation/) (1 artifact)
[IMPL] F01-03-002 -- ?? Pending Migration (See PLAN.md) (1 artifact)
[IMPL] F01-04-001 -- 1. Prerequisites (1 artifact)
[IMPL] F01-04-002 -- 2. Installation (1 artifact)
[IMPL] F01-04-003 -- 3. Configuration (1 artifact)
[IMPL] F01-04-004 -- 4. Run Tests (1 artifact)
[IMPL] F01-05-001 -- Basic Generation (1 artifact)
[IMPL] F01-05-002 -- CLI (Coming in Phase 4) (1 artifact)
[IMPL] F01-07-001 -- Running Tests During Development (1 artifact)
[IMPL] F01-07-002 -- Adding New Validators (1 artifact)
[IMPL] F01-07-003 -- Code Quality (1 artifact)

Trust (MTI)
---------------------------------------
Score:   50 (+50)
Trend:   0 -> 0 -> 0 -> 0 -> 0 -> 0 -> 50
Actions: review-required, no-deploy
Components: coverage=1 evidence=0 consistency=0
Weights:    coverage=0.5 evidence=0.2 consistency=0.3

[WARN] MTI 50 is below threshold 70 (--warn-only set, continuing)
