[INFO] generate-plan: C:\AICOE\eva-foundation\16-engineered-case-law
[INFO] Prefix: F16
[PASS] Written: C:\AICOE\eva-foundation\16-engineered-case-law\.eva\veritas-plan.json
       14 features, 17 stories, 0 tasks (0 story orphans)
       Sources: PLAN.md
       Format detected: veritas

  +ID     Stories  Tasks  Title
  ??????????????????  ?????????????????????  ???????????????  ???????????????????????????????????????????????????????????????????????????????????????
  F16-01        0      0  Status
  F16-02        0      0  1. Context and Problem Statement
  F16-03        0      0  2. What ?Engineered Case Law? Means
  F16-04        4      0  3. Core Principles (Non-Negotiable)
  F16-05        0      0  4. High-Level Ingestion Flow
  F16-06        3      0  5. Artifact Strategy
  F16-07        2      0  6. Text Extraction Strategy (Cost-Optimal)
  F16-08        0      0  7. Bilingual Handling
  F16-09        3      0  8. Engineered Case Law Generation (ECL v2.1)
  F16-10        0      0  9. EVA DA Ingestion and Testing
  F16-11        3      0  10. Measuring ?Does This Work??
  F16-12        0      0  11. Known Risks (Acknowledged)
  F16-13        0      0  12. What This Enables
  F16-14        2      0  13. Completed Achievements & Next Steps

[NEXT] eva audit --repo . -- scores the repo using this plan (Stories count toward MTI; Tasks do not)
[NEXT] eva generate-ado --repo . -- creates ADO backlog CSV (Epic/Feature/Story/Task hierarchy)
[NEXT] eva generate-plan --repo . --sync-model -- pushes plan summary to data model
[NEXT] Tag your source files: # EVA-STORY: F16-04-001
[INFO] Discovering: C:\AICOE\eva-foundation\16-engineered-case-law
[INFO] Using veritas-plan.json (format: veritas, 17 stories, 0 tasks)
[INFO] Planned: 14 features, 17 stories
[INFO] Actual: 45 artifacts, 17 stories tagged
[INFO] Evidence: 0 from commits, 0 from PRs, 0 from filenames
[PASS] discovery written: C:\AICOE\eva-foundation\16-engineered-case-law\.eva\discovery.json
[PASS] reconciliation written: C:\AICOE\eva-foundation\16-engineered-case-law\.eva\reconciliation.json
[INFO] Gaps: 0
[PASS] trust written: C:\AICOE\eva-foundation\16-engineered-case-law\.eva\trust.json (score: 50)

=======================================
EVA Veritas Report: JP Engineered Case Law
=======================================
Repo:    C:\AICOE\eva-foundation\16-engineered-case-law
Planned: 14 features, 17 stories

Coverage
---------------------------------------
Stories total:          17
Stories with artifacts: 17
Stories with evidence:  0
Consistency score:      0.00

Gaps
---------------------------------------
[PASS] No gaps detected

Feature Breakdown
---------------------------------------
[  0] F16-01     Status                          0/0 artifacts  0/0 evidence  0 gaps
[  0] F16-02     1. Context and Problem Stateme  0/0 artifacts  0/0 evidence  0 gaps
[  0] F16-03     2. What ?Engineered Case Law?   0/0 artifacts  0/0 evidence  0 gaps
[ 50] F16-04     3. Core Principles (Non-Negoti  4/4 artifacts  0/4 evidence  0 gaps
[  0] F16-05     4. High-Level Ingestion Flow    0/0 artifacts  0/0 evidence  0 gaps
[ 50] F16-06     5. Artifact Strategy            3/3 artifacts  0/3 evidence  0 gaps
[ 50] F16-07     6. Text Extraction Strategy (C  2/2 artifacts  0/2 evidence  0 gaps
[  0] F16-08     7. Bilingual Handling           0/0 artifacts  0/0 evidence  0 gaps
[ 50] F16-09     8. Engineered Case Law Generat  3/3 artifacts  0/3 evidence  0 gaps
[  0] F16-10     9. EVA DA Ingestion and Testin  0/0 artifacts  0/0 evidence  0 gaps
[ 50] F16-11     10. Measuring ?Does This Work?  3/3 artifacts  0/3 evidence  0 gaps
[  0] F16-12     11. Known Risks (Acknowledged)  0/0 artifacts  0/0 evidence  0 gaps
[  0] F16-13     12. What This Enables           0/0 artifacts  0/0 evidence  0 gaps
[ 50] F16-14     13. Completed Achievements & N  2/2 artifacts  0/2 evidence  0 gaps

Implemented
---------------------------------------
[IMPL] F16-04-001 -- 3.1 The corpus is process-managed, not snapshot-managed (1 artifact)
[IMPL] F16-04-002 -- 3.2 CanLII is the authoritative discovery layer (1 artifact)
[IMPL] F16-04-003 -- 3.3 Case is the canonical unit (1 artifact)
[IMPL] F16-04-004 -- 3.4 Cost must scale with *change*, not corpus size (1 artifact)
[IMPL] F16-06-001 -- 5.1 PoC Approach: SQLite as Convenience Source (1 artifact)
[IMPL] F16-06-002 -- 5.2 PDFs (Referenced, Not Re-Extracted) (1 artifact)
[IMPL] F16-06-003 -- 5.3 HTML Pages (Metadata Source) (1 artifact)
[IMPL] F16-07-001 -- Default Path (1 artifact)
[IMPL] F16-07-002 -- Selective OCR (1 artifact)
[IMPL] F16-09-001 -- 8.1 Canonical Case Text (1 artifact)
[IMPL] F16-09-002 -- 8.2 Micro-Header Chunking System (EPIC 6 - 80% Complete) (1 artifact)
[IMPL] F16-09-003 -- 8.3 ECL v2.1 Document Structure (1 artifact)
[IMPL] F16-11-001 -- 10.1 Retrieval Quality (1 artifact)
[IMPL] F16-11-002 -- 10.2 Citation Correctness (1 artifact)
[IMPL] F16-11-003 -- 10.3 Freshness and Coverage (1 artifact)
[IMPL] F16-14-001 -- ? Completed (February 1, 2026) (1 artifact)
[IMPL] F16-14-002 -- ? Next Steps (PoC Phase Priority) (1 artifact)

Trust (MTI)
---------------------------------------
Score:   50 (+50)
Trend:   0 -> 0 -> 0 -> 0 -> 0 -> 0 -> 50
Actions: review-required, no-deploy
Components: coverage=1 evidence=0 consistency=0
Weights:    coverage=0.5 evidence=0.2 consistency=0.3

[WARN] MTI 50 is below threshold 70 (--warn-only set, continuing)
