[INFO] generate-plan: C:\AICOE\eva-foundation\31-eva-faces
[INFO] Prefix: F31
[INFO] Enrichment applied: code-structure (14 stories)
[PASS] Written: C:\AICOE\eva-foundation\31-eva-faces\.eva\veritas-plan.json
       22 features, 60 stories, 125 tasks (0 story orphans)
       Sources: docs/20260220-plan.md
       Format detected: free-form

  +ID           Stories  Tasks  Title
  ????????????????????????????????????  ?????????????????????  ???????????????  ???????????????????????????????????????????????????????????????????????????????????????
  F31-01              0      0  Today's Execution Order
  F31-02              0      0  Blocked WIs (not scheduled today)
  F31-03              0      0  Integration Blockers Active
  F31-04              5      9  Slot 1 ??? WI-11 ??? BackendApiClient.ts Contract Update
  F31-05              5     11  Slot 2 ??? WI-EPIC-1 ??? Publish eva-ado-dashboard.epic.yaml
  F31-06              5      6  Slot 3 ??? WI-ENV-1 ??? APIM environment variables
  F31-07              0      0  Slots 4???8 ??? WI-12 thru WI-16 ??? Five Admin Screens (PARALLEL)
  F31-08              5     13  Slot 4 ??? WI-12 ??? IngestionRunsPage
  F31-09              5      9  Slot 5 ??? WI-13 ??? SearchHealthPage
  F31-10              5      9  Slot 6 ??? WI-14 ??? SupportTicketsPage
  F31-11              5     10  Slot 7 ??? WI-15 ??? FeatureFlagsPage
  F31-12              5     11  Slot 8 ??? WI-16 ??? RbacRolesPage
  F31-13              5     15  Slot 9 ??? WI-17 ??? EVAHomePage (static tiles)
  F31-14              5     15  Slot 10 ??? WI-18 ??? SprintBoardPage (static shell)
  F31-15              5      8  Slot 11 ??? WI-DATA-1 ??? 37-data-model Sync (Sprint Close)
  F31-16              5      9  Slot 12 ??? WI-ADO-1 ??? Populate ADO Feature id=6
  F31-17              0      0  Session Scorecard (projected ??? if all 12 slots complete)
  F31-HEALTH          1      0  HEALTH API
  F31-API             1      0  API API
  F31-GENERATE        1      0  GENERATE API
  F31-STATUS          1      0  STATUS API
  F31-UI             10      0  UI Pages

[NEXT] eva audit --repo . -- scores the repo using this plan (Stories count toward MTI; Tasks do not)
[NEXT] eva generate-ado --repo . -- creates ADO backlog CSV (Epic/Feature/Story/Task hierarchy)
[NEXT] eva generate-plan --repo . --sync-model -- pushes plan summary to data model
[NEXT] Tag your source files: # EVA-STORY: F31-04-001
[INFO] Discovering: C:\AICOE\eva-foundation\31-eva-faces
[INFO] Using veritas-plan.json (format: free-form, 74 stories, 125 tasks)
[INFO] Planned: 22 features, 74 stories
[INFO] Actual: 608 artifacts, 74 stories tagged
[INFO] Evidence: 0 from commits, 0 from PRs, 0 from filenames
[PASS] discovery written: C:\AICOE\eva-foundation\31-eva-faces\.eva\discovery.json
[PASS] reconciliation written: C:\AICOE\eva-foundation\31-eva-faces\.eva\reconciliation.json
[INFO] Gaps: 0
[PASS] trust written: C:\AICOE\eva-foundation\31-eva-faces\.eva\trust.json (score: 92)

=======================================
EVA Veritas Report: EVA Faces
=======================================
Repo:    C:\AICOE\eva-foundation\31-eva-faces
Planned: 22 features, 74 stories

Coverage
---------------------------------------
Stories total:          74
Stories with artifacts: 74
Stories with evidence:  45
Consistency score:      1.00

Gaps
---------------------------------------
[PASS] No gaps detected

Feature Breakdown
---------------------------------------
[  0] F31-01     Today's Execution Order         0/0 artifacts  0/0 evidence  0 gaps
[  0] F31-02     Blocked WIs (not scheduled tod  0/0 artifacts  0/0 evidence  0 gaps
[  0] F31-03     Integration Blockers Active     0/0 artifacts  0/0 evidence  0 gaps
[100] F31-04     Slot 1 ??? WI-11 ??? BackendApiCli  5/5 artifacts  5/5 evidence  0 gaps
[ 50] F31-05     Slot 2 ??? WI-EPIC-1 ??? Publish e  5/5 artifacts  0/5 evidence  0 gaps
[ 50] F31-06     Slot 3 ??? WI-ENV-1 ??? APIM envir  5/5 artifacts  0/5 evidence  0 gaps
[  0] F31-07     Slots 4???8 ??? WI-12 thru WI-16 ???  0/0 artifacts  0/0 evidence  0 gaps
[100] F31-08     Slot 4 ??? WI-12 ??? IngestionRuns  5/5 artifacts  5/5 evidence  0 gaps
[100] F31-09     Slot 5 ??? WI-13 ??? SearchHealthP  5/5 artifacts  5/5 evidence  0 gaps
[100] F31-10     Slot 6 ??? WI-14 ??? SupportTicket  5/5 artifacts  5/5 evidence  0 gaps
[100] F31-11     Slot 7 ??? WI-15 ??? FeatureFlagsP  5/5 artifacts  5/5 evidence  0 gaps
[100] F31-12     Slot 8 ??? WI-16 ??? RbacRolesPage  5/5 artifacts  5/5 evidence  0 gaps
[100] F31-13     Slot 9 ??? WI-17 ??? EVAHomePage (  5/5 artifacts  5/5 evidence  0 gaps
[100] F31-14     Slot 10 ??? WI-18 ??? SprintBoardP  5/5 artifacts  5/5 evidence  0 gaps
[100] F31-15     Slot 11 ??? WI-DATA-1 ??? 37-data-  5/5 artifacts  5/5 evidence  0 gaps
[ 50] F31-16     Slot 12 ??? WI-ADO-1 ??? Populate   5/5 artifacts  0/5 evidence  0 gaps
[  0] F31-17     Session Scorecard (projected ???  0/0 artifacts  0/0 evidence  0 gaps
[ 50] F31-API    API API                         1/1 artifacts  0/1 evidence  0 gaps
[ 50] F31-GENERATE GENERATE API                    1/1 artifacts  0/1 evidence  0 gaps
[ 50] F31-HEALTH HEALTH API                      1/1 artifacts  0/1 evidence  0 gaps
[ 50] F31-STATUS STATUS API                      1/1 artifacts  0/1 evidence  0 gaps
[ 50] F31-UI     UI Pages                        10/10 artifacts  0/10 evidence  0 gaps

Implemented
---------------------------------------
[EVIDENCE] F31-04-001 -- Discovery checklist (1 artifact)
[EVIDENCE] F31-04-002 -- Do prompt (1 artifact)
[EVIDENCE] F31-04-003 -- Check commands (1 artifact)
[EVIDENCE] F31-04-004 -- Act criteria (1 artifact)
[EVIDENCE] F31-04-005 -- On accept (1 artifact)
[IMPL] F31-05-001 -- Discovery checklist (1 artifact)
[IMPL] F31-05-002 -- Do prompt (1 artifact)
[IMPL] F31-05-003 -- Check commands (1 artifact)
[IMPL] F31-05-004 -- Act criteria (1 artifact)
[IMPL] F31-05-005 -- On accept (1 artifact)
[IMPL] F31-06-001 -- Discovery checklist (1 artifact)
[IMPL] F31-06-002 -- Do prompt (1 artifact)
[IMPL] F31-06-003 -- Check commands (1 artifact)
[IMPL] F31-06-004 -- Act criteria (1 artifact)
[IMPL] F31-06-005 -- On accept (1 artifact)
[EVIDENCE] F31-08-001 -- Discovery checklist (1 artifact)
[EVIDENCE] F31-08-002 -- Do prompt (1 artifact)
[EVIDENCE] F31-08-003 -- Check commands (1 artifact)
[EVIDENCE] F31-08-004 -- Act criteria (1 artifact)
[EVIDENCE] F31-08-005 -- On accept (1 artifact)
[EVIDENCE] F31-09-001 -- Discovery checklist (1 artifact)
[EVIDENCE] F31-09-002 -- Do prompt (1 artifact)
[EVIDENCE] F31-09-003 -- Check commands (1 artifact)
[EVIDENCE] F31-09-004 -- Act criteria (1 artifact)
[EVIDENCE] F31-09-005 -- On accept (1 artifact)
[EVIDENCE] F31-10-001 -- Discovery checklist (1 artifact)
[EVIDENCE] F31-10-002 -- Do prompt (1 artifact)
[EVIDENCE] F31-10-003 -- Check commands (1 artifact)
[EVIDENCE] F31-10-004 -- Act criteria (1 artifact)
[EVIDENCE] F31-10-005 -- On accept (1 artifact)
[EVIDENCE] F31-11-001 -- Discovery checklist (1 artifact)
[EVIDENCE] F31-11-002 -- Do prompt (1 artifact)
[EVIDENCE] F31-11-003 -- Check commands (1 artifact)
[EVIDENCE] F31-11-004 -- Act criteria (1 artifact)
[EVIDENCE] F31-11-005 -- On accept (1 artifact)
[EVIDENCE] F31-12-001 -- Discovery checklist (1 artifact)
[EVIDENCE] F31-12-002 -- Do prompt (1 artifact)
[EVIDENCE] F31-12-003 -- Check commands (1 artifact)
[EVIDENCE] F31-12-004 -- Act criteria (1 artifact)
[EVIDENCE] F31-12-005 -- On accept (1 artifact)
[EVIDENCE] F31-13-001 -- Discovery checklist (1 artifact)
[EVIDENCE] F31-13-002 -- Do prompt (1 artifact)
[EVIDENCE] F31-13-003 -- Check commands (1 artifact)
[EVIDENCE] F31-13-004 -- Act criteria (1 artifact)
[EVIDENCE] F31-13-005 -- On accept (1 artifact)
[EVIDENCE] F31-14-001 -- Discovery checklist (1 artifact)
[EVIDENCE] F31-14-002 -- Do prompt (1 artifact)
[EVIDENCE] F31-14-003 -- Check commands (1 artifact)
[EVIDENCE] F31-14-004 -- Act criteria (1 artifact)
[EVIDENCE] F31-14-005 -- On accept (1 artifact)
[EVIDENCE] F31-15-001 -- Discovery checklist (1 artifact)
[EVIDENCE] F31-15-002 -- Do prompt (1 artifact)
[EVIDENCE] F31-15-003 -- Check commands (1 artifact)
[EVIDENCE] F31-15-004 -- Act criteria (1 artifact)
[EVIDENCE] F31-15-005 -- On accept (1 artifact)
[IMPL] F31-16-001 -- Discovery checklist (1 artifact)
[IMPL] F31-16-002 -- Do prompt (1 artifact)
[IMPL] F31-16-003 -- Check commands (1 artifact)
[IMPL] F31-16-004 -- Act criteria (1 artifact)
[IMPL] F31-16-005 -- On accept (1 artifact)
[IMPL] F31-HEALTH-001 -- GET /health (1 artifact)
[IMPL] F31-API-001 -- GET / (1 artifact)
[IMPL] F31-GENERATE-001 -- POST /generate (1 artifact)
[IMPL] F31-STATUS-001 -- GET /status/{epic_id} (1 artifact)
[IMPL] F31-UI-001 -- Route /admin/translations (1 artifact)
[IMPL] F31-UI-002 -- Route /admin/audit (1 artifact)
[IMPL] F31-UI-003 -- Route /admin/rbac (1 artifact)
[IMPL] F31-UI-004 -- Route /admin/settings (1 artifact)
[IMPL] F31-UI-005 -- Route /admin/apps (1 artifact)
[IMPL] F31-UI-006 -- Route /admin/ingestion/runs (1 artifact)
[IMPL] F31-UI-007 -- Route /admin/search/health (1 artifact)
[IMPL] F31-UI-008 -- Route /admin/support/tickets (1 artifact)
[IMPL] F31-UI-009 -- Route /admin/feature-flags (1 artifact)
[IMPL] F31-UI-010 -- Route /admin/rbac/roles (1 artifact)

Trust (MTI)
---------------------------------------
Score:   92 (+19)
Trend:   83 -> 83 -> 83 -> 83 -> 83 -> 83 -> 83 -> 73 -> 73 -> 92
Actions: deploy, merge, release
Components: coverage=1 evidence=0.61 consistency=1
Weights:    coverage=0.5 evidence=0.2 consistency=0.3

Model Fidelity (informational)
---------------------------------------
Score:   56%  (157/279 declared entities verified)
[ACT] 122 declared entities have no matching implementation
Drifted:
  [screen] JpSparkLayout -- declared: repo_path_declared -- actual: not_found
  [screen] JpSparkChatPage -- declared: repo_path_declared -- actual: not_found
  [screen] JpSparkContentPage -- declared: repo_path_declared -- actual: not_found
  [screen] JpSparkTranslatorPage -- declared: repo_path_declared -- actual: not_found
  [screen] JpSparkUrlScrapperPage -- declared: repo_path_declared -- actual: not_found
  [screen] JpSparkTDAPage -- declared: repo_path_declared -- actual: not_found
  [screen] JpSparkTutorPage -- declared: repo_path_declared -- actual: not_found
  [endpoint] GET /v1/health/background -- declared: implemented -- actual: not_found
  ... and 114 more
[ACT] Container 'extracted_content' schema drift impacts: 0 endpoint(s), 0 screen(s)
[ACT] Container 'chunks' schema drift impacts: 0 endpoint(s), 0 screen(s)
[ACT] Container 'audit_logs' schema drift impacts: 0 endpoint(s), 0 screen(s)
[ACT] Container 'content_access_logs' schema drift impacts: 0 endpoint(s), 0 screen(s)
[ACT] Container 'sessions' schema drift impacts: 0 endpoint(s), 0 screen(s)
[ACT] Container 'messages' schema drift impacts: 0 endpoint(s), 0 screen(s)
[ACT] Container 'scrum-cache' schema drift impacts: 0 endpoint(s), 0 screen(s)
[ACT] Container 'config' schema drift impacts: 0 endpoint(s), 0 screen(s)
[ACT] Container 'apps' schema drift impacts: 0 endpoint(s), 0 screen(s)
[ACT] Container 'model_objects' schema drift impacts: 0 endpoint(s), 0 screen(s)
[ACT] Container 'translations' schema drift impacts: 0 endpoint(s), 0 screen(s)
[ACT] Container 'content_logs' schema drift impacts: 0 endpoint(s), 0 screen(s)
[INFO] Rerun: eva model-audit --repo . (generated 2026-02-25)

