[INFO] generate-plan: C:\AICOE\eva-foundation\40-eva-control-plane
[INFO] Prefix: F40
[INFO] Enrichment applied: code-structure (5 stories)
[PASS] Written: C:\AICOE\eva-foundation\40-eva-control-plane\.eva\veritas-plan.json
       13 features, 5 stories, 0 tasks (0 story orphans)
       Sources: PLAN.md
       Format detected: veritas

  +ID              Stories  Tasks  Title
  ?????????????????????????????????????????????  ?????????????????????  ???????????????  ???????????????????????????????????????????????????????????????????????????????????????
  F40-01                 1      0  ARTIFACT_ID API [ID=F40-ARTIFACT_ID]
  F40-02                 1      0  EVIDENCE_ID API [ID=F40-EVIDENCE_ID]
  F40-03                 2      0  RUN_ID API [ID=F40-RUN_ID]
  F40-04                 0      0  Runbooks implemented
  F40-05                 0      0  Runtime API (port 8020)
  F40-06                 0      0  Quick start
  F40-07                 0      0  Relationship with 37-data-model
  F40-08                 0      0  Evidence pack schema
  F40-09                 0      0  Guardrails enforced
  F40-HEALTH             2      0  HEALTH API
  F40-ARTIFACT_ID        1      0  ARTIFACT_ID API
  F40-EVIDENCE_ID        1      0  EVIDENCE_ID API
  F40-RUN_ID             2      0  RUN_ID API

[NEXT] eva audit --repo . -- scores the repo using this plan (Stories count toward MTI; Tasks do not)
[NEXT] eva generate-ado --repo . -- creates ADO backlog CSV (Epic/Feature/Story/Task hierarchy)
[NEXT] eva generate-plan --repo . --sync-model -- pushes plan summary to data model
[NEXT] Tag your source files: # EVA-STORY: F40-HEALTH-001
[INFO] Discovering: C:\AICOE\eva-foundation\40-eva-control-plane
[INFO] Using veritas-plan.json (format: veritas, 10 stories, 0 tasks)
[INFO] Planned: 13 features, 10 stories
[INFO] Actual: 25 artifacts, 9 stories tagged
[INFO] Evidence: 0 from commits, 0 from PRs, 0 from filenames
[PASS] discovery written: C:\AICOE\eva-foundation\40-eva-control-plane\.eva\discovery.json
[PASS] reconciliation written: C:\AICOE\eva-foundation\40-eva-control-plane\.eva\reconciliation.json
[INFO] Gaps: 0
[PASS] trust written: C:\AICOE\eva-foundation\40-eva-control-plane\.eva\trust.json (score: 50)

=======================================
EVA Veritas Report: 40-eva-control-plane
=======================================
Repo:    C:\AICOE\eva-foundation\40-eva-control-plane
Planned: 13 features, 10 stories

Coverage
---------------------------------------
Stories total:          10
Stories with artifacts: 10
Stories with evidence:  0
Consistency score:      0.00

Gaps
---------------------------------------
[PASS] No gaps detected

Feature Breakdown
---------------------------------------
[ 50] F40-01     ARTIFACT_ID API [ID=F40-ARTIFA  1/1 artifacts  0/1 evidence  0 gaps
[ 50] F40-02     EVIDENCE_ID API [ID=F40-EVIDEN  1/1 artifacts  0/1 evidence  0 gaps
[ 50] F40-03     RUN_ID API [ID=F40-RUN_ID]      2/2 artifacts  0/2 evidence  0 gaps
[  0] F40-04     Runbooks implemented            0/0 artifacts  0/0 evidence  0 gaps
[  0] F40-05     Runtime API (port 8020)         0/0 artifacts  0/0 evidence  0 gaps
[  0] F40-06     Quick start                     0/0 artifacts  0/0 evidence  0 gaps
[  0] F40-07     Relationship with 37-data-mode  0/0 artifacts  0/0 evidence  0 gaps
[  0] F40-08     Evidence pack schema            0/0 artifacts  0/0 evidence  0 gaps
[  0] F40-09     Guardrails enforced             0/0 artifacts  0/0 evidence  0 gaps
[ 50] F40-ARTIFACT_ID ARTIFACT_ID API                 1/1 artifacts  0/1 evidence  0 gaps
[ 50] F40-EVIDENCE_ID EVIDENCE_ID API                 1/1 artifacts  0/1 evidence  0 gaps
[ 50] F40-HEALTH HEALTH API                      2/2 artifacts  0/2 evidence  0 gaps
[ 50] F40-RUN_ID RUN_ID API                      2/2 artifacts  0/2 evidence  0 gaps

Implemented
---------------------------------------
[IMPL] F40-01-001 -- GET /{artifact_id} [ID=F40-ARTIFACT_ID-001] (1 artifact)
[IMPL] F40-02-001 -- GET /{evidence_id} [ID=F40-EVIDENCE_ID-001] (1 artifact)
[IMPL] F40-03-001 -- GET /{run_id} [ID=F40-RUN_ID-001] (1 artifact)
[IMPL] F40-03-002 -- PATCH /{run_id} [ID=F40-RUN_ID-002] (1 artifact)
[IMPL] F40-HEALTH-001 -- GET /health (1 artifact)
[IMPL] F40-HEALTH-001 -- GET /health (1 artifact)
[IMPL] F40-ARTIFACT_ID-001 -- GET /{artifact_id} (1 artifact)
[IMPL] F40-EVIDENCE_ID-001 -- GET /{evidence_id} (1 artifact)
[IMPL] F40-RUN_ID-001 -- GET /{run_id} (1 artifact)
[IMPL] F40-RUN_ID-002 -- PATCH /{run_id} (1 artifact)

Trust (MTI)
---------------------------------------
Score:   50 (+50)
Trend:   0 -> 0 -> 0 -> 0 -> 0 -> 0 -> 50
Actions: review-required, no-deploy
Components: coverage=1 evidence=0 consistency=0
Weights:    coverage=0.5 evidence=0.2 consistency=0.3

[WARN] MTI 50 is below threshold 70 (--warn-only set, continuing)
