[INFO] generate-plan: C:\AICOE\eva-foundation\43-spark
[INFO] Prefix: F43
[PASS] Written: C:\AICOE\eva-foundation\43-spark\.eva\veritas-plan.json
       12 features, 5 stories, 0 tasks (0 story orphans)
       Sources: PLAN.md
       Format detected: veritas

  +ID     Stories  Tasks  Title
  ??????????????????  ?????????????????????  ???????????????  ???????????????????????????????????????????????????????????????????????????????????????
  F43-01        0      0  Objective
  F43-02        5      0  Guiding Principles
  F43-03        0      0  Phase Structure
  F43-04        0      0  Phase 0 ? Prompt Engineering ?
  F43-05        0      0  Phase 1 ? Spark Bootstrap
  F43-06        0      0  Phase 2 ? Shared Components
  F43-07        0      0  Phase 3 ? Screens
  F43-08        0      0  Phase 4 ? Quality Pass
  F43-09        0      0  Phase 5 ? Repository & CI
  F43-10        0      0  Phase 6 ? Codespace Hardening
  F43-11        0      0  Risk Register
  F43-12        0      0  Success Definition

[NEXT] eva audit --repo . -- scores the repo using this plan (Stories count toward MTI; Tasks do not)
[NEXT] eva generate-ado --repo . -- creates ADO backlog CSV (Epic/Feature/Story/Task hierarchy)
[NEXT] eva generate-plan --repo . --sync-model -- pushes plan summary to data model
[NEXT] Tag your source files: # EVA-STORY: F43-02-001
[INFO] Discovering: C:\AICOE\eva-foundation\43-spark
[INFO] Using veritas-plan.json (format: veritas, 5 stories, 0 tasks)
[INFO] Planned: 12 features, 5 stories
[INFO] Actual: 13 artifacts, 0 stories tagged
[INFO] Evidence: 0 from commits, 0 from PRs, 0 from filenames
[PASS] discovery written: C:\AICOE\eva-foundation\43-spark\.eva\discovery.json
[PASS] reconciliation written: C:\AICOE\eva-foundation\43-spark\.eva\reconciliation.json
[INFO] Gaps: 5
[PASS] trust written: C:\AICOE\eva-foundation\43-spark\.eva\trust.json (score: 0)

=======================================
EVA Veritas Report: 43-spark ??? EVA Spark Springboard
=======================================
Repo:    C:\AICOE\eva-foundation\43-spark
Planned: 12 features, 5 stories

Coverage
---------------------------------------
Stories total:          5
Stories with artifacts: 0
Stories with evidence:  0
Consistency score:      0.00

Gaps
---------------------------------------
[FAIL] missing_implementation :: F43-02-001 -- 1 ? Paste the initial Spark prompt
[FAIL] missing_implementation :: F43-02-002 -- 2 ? Review the preview
[FAIL] missing_implementation :: F43-02-003 -- 3 ? Open in Codespace
[FAIL] missing_implementation :: F43-02-004 -- 4 ? Attach context and iterate
[FAIL] missing_implementation :: F43-02-005 -- 5 ? Validate

Feature Breakdown
---------------------------------------
[  0] F43-02     Guiding Principles              0/5 artifacts  0/5 evidence  5 gaps  [NOT STARTED]
[  0] F43-01     Objective                       0/0 artifacts  0/0 evidence  0 gaps
[  0] F43-03     Phase Structure                 0/0 artifacts  0/0 evidence  0 gaps
[  0] F43-04     Phase 0 ? Prompt Engineering ?  0/0 artifacts  0/0 evidence  0 gaps
[  0] F43-05     Phase 1 ? Spark Bootstrap       0/0 artifacts  0/0 evidence  0 gaps
[  0] F43-06     Phase 2 ? Shared Components     0/0 artifacts  0/0 evidence  0 gaps
[  0] F43-07     Phase 3 ? Screens               0/0 artifacts  0/0 evidence  0 gaps
[  0] F43-08     Phase 4 ? Quality Pass          0/0 artifacts  0/0 evidence  0 gaps
[  0] F43-09     Phase 5 ? Repository & CI       0/0 artifacts  0/0 evidence  0 gaps
[  0] F43-10     Phase 6 ? Codespace Hardening   0/0 artifacts  0/0 evidence  0 gaps
[  0] F43-11     Risk Register                   0/0 artifacts  0/0 evidence  0 gaps
[  0] F43-12     Success Definition              0/0 artifacts  0/0 evidence  0 gaps

Trust (MTI)
---------------------------------------
Score:   0 (no change)
Trend:   0 -> 0 -> 0 -> 0 -> 0 -> 0 -> 0 -> 0
Actions: block, investigate
Components: coverage=0 evidence=0 consistency=0
Weights:    coverage=0.5 evidence=0.2 consistency=0.3

Improvement Hints
---------------------------------------
[ACT] To reach MTI 50 (review-required): tag 5 more stories with # EVA-STORY
      To reach MTI 70 (merge-with-approval): tag 7 more stories with # EVA-STORY
      To reach MTI 90 (deploy): tag 9 more stories with # EVA-STORY

[ACT] 5 unimplemented stories by feature (highest priority first):
      F43-02 Guiding Principles (5 gaps)
        - F43-02-001 -- 1 ? Paste the initial Spark prompt
        - F43-02-002 -- 2 ? Review the preview
        - F43-02-003 -- 3 ? Open in Codespace
        - F43-02-004 -- 4 ? Attach context and iterate
        - F43-02-005 -- 5 ? Validate

[ACT] How to close each gap type:
      missing_implementation  -- Add a tagged source file:
        Option A: tag an existing file  -->  add  # EVA-STORY: <ID>  at the top
        Option B: create a receipt       -->  evidence/<feature-id>.py  with  # EVA-STORY: <ID>

[WARN] MTI 0 is below threshold 70 (--warn-only set, continuing)
