[INFO] generate-plan: C:\AICOE\eva-foundation\45-aicoe-page
[INFO] Prefix: F45
[INFO] Enrichment applied: code-structure (6 stories)
[PASS] Written: C:\AICOE\eva-foundation\45-aicoe-page\.eva\veritas-plan.json
       7 features, 20 stories, 11 tasks (0 story orphans)
       Sources: PLAN.md
       Format detected: veritas

  +ID     Stories  Tasks  Title
  ??????????????????  ?????????????????????  ???????????????  ???????????????????????????????????????????????????????????????????????????????????????
  F45-01        5      0  EVA Team Structural Alignment
  F45-02        2      0  Bilingual i18n Scaffold
  F45-03        2      0  Layout Shell
  F45-04        1      0  Home Page
  F45-05        2      6  Content Pages
  F45-06        2      5  CI and Test Coverage
  F45-UI       12      0  UI Pages

[NEXT] eva audit --repo . -- scores the repo using this plan (Stories count toward MTI; Tasks do not)
[NEXT] eva generate-ado --repo . -- creates ADO backlog CSV (Epic/Feature/Story/Task hierarchy)
[NEXT] eva generate-plan --repo . --sync-model -- pushes plan summary to data model
[NEXT] Tag your source files: # EVA-STORY: F45-01-001
[INFO] Discovering: C:\AICOE\eva-foundation\45-aicoe-page
[INFO] Using veritas-plan.json (format: veritas, 26 stories, 11 tasks)
[INFO] Planned: 7 features, 26 stories
[INFO] Actual: 51 artifacts, 20 stories tagged
[INFO] Evidence: 0 from commits, 0 from PRs, 0 from filenames
[PASS] discovery written: C:\AICOE\eva-foundation\45-aicoe-page\.eva\discovery.json
[PASS] reconciliation written: C:\AICOE\eva-foundation\45-aicoe-page\.eva\reconciliation.json
[INFO] Gaps: 0
[PASS] trust written: C:\AICOE\eva-foundation\45-aicoe-page\.eva\trust.json (score: 58)

=======================================
EVA Veritas Report: AICOE Public Page
=======================================
Repo:    C:\AICOE\eva-foundation\45-aicoe-page
Planned: 7 features, 26 stories

Coverage
---------------------------------------
Stories total:          26
Stories with artifacts: 26
Stories with evidence:  11
Consistency score:      0.00

Gaps
---------------------------------------
[PASS] No gaps detected

Feature Breakdown
---------------------------------------
[ 70] F45-01     EVA Team Structural Alignment   5/5 artifacts  5/5 evidence  0 gaps
[ 70] F45-02     Bilingual i18n Scaffold         2/2 artifacts  2/2 evidence  0 gaps
[ 70] F45-03     Layout Shell                    2/2 artifacts  2/2 evidence  0 gaps
[ 70] F45-04     Home Page                       1/1 artifacts  1/1 evidence  0 gaps
[ 50] F45-05     Content Pages                   2/2 artifacts  0/2 evidence  0 gaps
[ 60] F45-06     CI and Test Coverage            2/2 artifacts  1/2 evidence  0 gaps
[ 50] F45-UI     UI Pages                        12/12 artifacts  0/12 evidence  0 gaps

Implemented
---------------------------------------
[EVIDENCE] F45-01-001 -- Replace FluentProvider with GCThemeProvider (2 artifacts)
[EVIDENCE] F45-01-002 -- Add AnnouncerProvider for WCAG aria-live (3 artifacts)
[EVIDENCE] F45-01-003 -- Add HashRouter and React.StrictMode (1 artifact)
[EVIDENCE] F45-01-004 -- Wire @eva shared deps (1 artifact)
[EVIDENCE] F45-01-005 -- Remove @github/spark Vite plugin (2 artifacts)
[EVIDENCE] F45-02-001 -- Add i18next with LanguageDetector (2 artifacts)
[EVIDENCE] F45-02-002 -- Seed EN and FR locale files (1 artifact)
[EVIDENCE] F45-03-001 -- Build Layout component with skip-link and nav (2 artifacts)
[EVIDENCE] F45-03-002 -- Wire route-change announcer effect (1 artifact)
[EVIDENCE] F45-04-001 -- Build HomePage with hero and tool cards (3 artifacts)
[IMPL] F45-05-001 -- Build AboutPage route-- COMPLETE 2026-02-24 (1 artifact)
[IMPL] F45-05-002 -- Build ProductsPage route-- COMPLETE 2026-02-24 (1 artifact)
[IMPL] F45-06-001 -- Add GitHub Actions build + lint CI-- COMPLETE 2026-02-24 (1 artifact)
[IMPL] F45-06-002 -- Add Vitest and first component tests-- COMPLETE 2026-02-24 (4 artifacts)
[IMPL] F45-UI-001 -- Route about (1 artifact)
[IMPL] F45-UI-002 -- Route products (1 artifact)
[IMPL] F45-UI-003 -- ABOUTPAGE page (1 artifact)
[IMPL] F45-UI-004 -- HOMEPAGE page (1 artifact)
[IMPL] F45-UI-005 -- LAYOUT page (1 artifact)
[IMPL] F45-UI-006 -- PRODUCTSPAGE page (1 artifact)
[IMPL] F45-UI-001 -- Route about (1 artifact)
[IMPL] F45-UI-002 -- Route products (1 artifact)
[IMPL] F45-UI-003 -- ABOUTPAGE page (1 artifact)
[IMPL] F45-UI-004 -- HOMEPAGE page (1 artifact)
[IMPL] F45-UI-005 -- LAYOUT page (1 artifact)
[IMPL] F45-UI-006 -- PRODUCTSPAGE page (1 artifact)

Trust (MTI)
---------------------------------------
Score:   58 (+23)
Trend:   7 -> 50 -> 50 -> 50 -> 57 -> 66 -> 66 -> 46 -> 35 -> 58
Actions: review-required, no-deploy
Components: coverage=1 evidence=0.42 consistency=0
Weights:    coverage=0.5 evidence=0.2 consistency=0.3

[WARN] MTI 58 is below threshold 70 (--warn-only set, continuing)
