Drive already SUBSTed
]633;P;IsWindows=True[01:29:01] === sweep5 START 2026-02-25 01:29:01 ===
[01:29:02] [PASS] ACA: status=ok store=cosmos version=1.0.0
[01:29:02] [INFO] ACA total objects before sweep: 963
[01:29:02] [INFO] Projects found: 49
[01:29:02] --- 01-documentation-generator ---
[01:29:02]   [1] generate-plan --enrich
[01:29:03]   [1] features=10 stories=11
[01:29:03]   [2] audit
[01:29:03]   [3] MTI=0  gaps=0  covered=0/11
[01:29:03]   [4] PUT OK rv=6
[01:29:03] --- 02-poc-agent-skills ---
[01:29:03]   [1] generate-plan --enrich
[01:29:03]   [1] features=8 stories=18
[01:29:03]   [2] audit
[01:29:03]   [3] MTI=0  gaps=0  covered=0/18
[01:29:03]   [4] PUT OK rv=6
[01:29:03] --- 03-poc-enhanced-docs ---
[01:29:03]   [1] generate-plan --enrich
[01:29:04]   [1] features=9 stories=20
[01:29:04]   [2] audit
[01:29:04]   [3] MTI=0  gaps=0  covered=0/20
[01:29:04]   [4] PUT OK rv=6
[01:29:04] --- 04-os-vnext ---
[01:29:04]   [1] generate-plan --enrich
[01:29:04]   [1] features=4 stories=0
[01:29:04]   [2] audit
[01:29:04]   [3] MTI=0  gaps=0  covered=0/0
[01:29:04]   [4] PUT OK rv=6
[01:29:04] --- 05-extract-cases ---
[01:29:04]   [1] generate-plan --enrich
[01:29:04]   [1] features=8 stories=8
[01:29:04]   [2] audit
[01:29:05]   [3] MTI=0  gaps=0  covered=0/8
[01:29:05]   [4] PUT OK rv=6
[01:29:05] --- 06-jp-auto-extraction ---
[01:29:05]   [1] generate-plan --enrich
[01:29:05]   [1] features=16 stories=34
[01:29:05]   [2] audit
[01:29:05]   [3] MTI=0  gaps=0  covered=0/34
[01:29:05]   [4] PUT OK rv=6
[01:29:05] --- 07-foundation-layer ---
[01:29:05]   [1] generate-plan --enrich
[01:29:05]   [1] features=9 stories=19
[01:29:05]   [2] audit
[01:29:05]   [3] MTI=0  gaps=0  covered=0/19
[01:29:06]   [4] PUT OK rv=6
[01:29:06] --- 08-cds-rag ---
[01:29:06]   [1] generate-plan --enrich
[01:29:06]   [1] WARN: no veritas-plan.json
[01:29:06]   [2] audit
[01:29:06]   [3] MTI=0  gaps=0  covered=0/0
[01:29:06]   [4] PUT OK rv=6
[01:29:06] --- 09-eva-repo-documentation ---
[01:29:06]   [1] generate-plan --enrich
[01:29:06]   [1] features=4 stories=6
[01:29:06]   [2] audit
[01:29:06]   [3] MTI=0  gaps=0  covered=0/6
[01:29:07]   [4] PUT OK rv=6
[01:29:07] --- 10-mkdocs-poc ---
[01:29:07]   [1] generate-plan --enrich
[01:29:07]   [1] features=13 stories=26
[01:29:07]   [2] audit
[01:29:07]   [3] MTI=0  gaps=0  covered=0/26
[01:29:07]   [4] PUT OK rv=6
[01:29:07] --- 11-ms-infojp ---
[01:29:07]   [1] generate-plan --enrich
[01:29:07]   [1] features=47 stories=323
[01:29:07]   [2] audit
[01:29:07]   [3] MTI=0  gaps=0  covered=0/323
[01:29:07]   [4] PUT OK rv=6
[01:29:07] --- 12-work-spc-reorg ---
[01:29:07]   [1] generate-plan --enrich
[01:29:08]   [1] features=12 stories=40
[01:29:08]   [2] audit
[01:29:08]   [3] MTI=0  gaps=0  covered=0/40
[01:29:08]   [4] PUT OK rv=6
[01:29:08] --- 13-vscode-tools ---
[01:29:08]   [1] generate-plan --enrich
[01:29:08]   [1] features=13 stories=40
[01:29:08]   [2] audit
[01:29:08]   [3] MTI=0  gaps=0  covered=0/40
[01:29:08]   [4] PUT OK rv=6
[01:29:08] --- 14-az-finops ---
[01:29:08]   [1] generate-plan --enrich
[01:29:08]   [1] features=9 stories=17
[01:29:08]   [2] audit
[01:29:08]   [3] MTI=0  gaps=0  covered=0/17
[01:29:09]   [4] PUT OK rv=6
[01:29:09] --- 15-cdc ---
[01:29:09]   [1] generate-plan --enrich
[01:29:09]   [1] features=10 stories=1
[01:29:09]   [2] audit
[01:29:09]   [3] MTI=0  gaps=0  covered=0/1
[01:29:09]   [4] PUT OK rv=6
[01:29:09] --- 16-engineered-case-law ---
[01:29:09]   [1] generate-plan --enrich
[01:29:09]   [1] features=14 stories=17
[01:29:09]   [2] audit
[01:29:09]   [3] MTI=0  gaps=0  covered=0/17
[01:29:09]   [4] PUT OK rv=6
[01:29:09] --- 17-apim ---
[01:29:09]   [1] generate-plan --enrich
[01:29:10]   [1] features=13 stories=18
[01:29:10]   [2] audit
[01:29:10]   [3] MTI=0  gaps=0  covered=0/18
[01:29:10]   [4] PUT OK rv=6
[01:29:10] --- 18-azure-best ---
[01:29:10]   [1] generate-plan --enrich
[01:29:10]   [1] WARN: no veritas-plan.json
[01:29:10]   [2] audit
[01:29:10]   [3] MTI=0  gaps=0  covered=0/0
[01:29:10]   [4] PUT OK rv=6
[01:29:10] --- 19-ai-gov ---
[01:29:10]   [1] generate-plan --enrich
[01:29:10]   [1] features=2 stories=7
[01:29:10]   [2] audit
[01:29:11]   [3] MTI=0  gaps=0  covered=0/7
[01:29:11]   [4] PUT OK rv=7
[01:29:11] --- 20-AssistMe ---
[01:29:11]   [1] generate-plan --enrich
[01:29:11]   [1] features=12 stories=15
[01:29:11]   [2] audit
[01:29:11]   [3] MTI=0  gaps=0  covered=0/15
[01:29:11]   [4] PUT OK rv=6
[01:29:11] --- 21-habit-tracker ---
[01:29:11]   [1] generate-plan --enrich
[01:29:11]   [1] features=12 stories=31
[01:29:11]   [2] audit
[01:29:11]   [3] MTI=0  gaps=0  covered=0/31
[01:29:12]   [4] PUT OK rv=6
[01:29:12] --- 22-rg-sandbox ---
[01:29:12]   [1] generate-plan --enrich
[01:29:12]   [1] features=13 stories=29
[01:29:12]   [2] audit
[01:29:12]   [3] MTI=0  gaps=0  covered=0/29
[01:29:12]   [4] PUT OK rv=6
[01:29:12] --- 23-ei-dsst-rewrite ---
[01:29:12]   [1] generate-plan --enrich
[01:29:12]   [1] features=14 stories=4
[01:29:12]   [2] audit
[01:29:12]   [3] MTI=0  gaps=0  covered=0/4
[01:29:12]   [4] PUT OK rv=6
[01:29:12] --- 24-eva-brain ---
[01:29:12]   [1] generate-plan --enrich
[01:29:12]   [1] features=18 stories=56
[01:29:12]   [2] audit
[01:29:13]   [3] MTI=0  gaps=0  covered=0/56
[01:29:13]   [4] PUT OK rv=6
[01:29:13] --- 25-eva-suite ---
[01:29:13]   [1] generate-plan --enrich
[01:29:13]   [1] WARN: no veritas-plan.json
[01:29:13]   [2] audit
[01:29:13]   [3] MTI=0  gaps=0  covered=0/0
[01:29:13]   [4] PUT OK rv=6
[01:29:13] --- 26-eva-gh ---
[01:29:13]   [1] generate-plan --enrich
[01:29:13]   [1] WARN: no veritas-plan.json
[01:29:13]   [2] audit
[01:29:13]   [3] MTI=0  gaps=0  covered=0/0
[01:29:14]   [4] PUT OK rv=6
[01:29:14] --- 27-devbench ---
[01:29:14]   [1] generate-plan --enrich
[01:29:14]   [1] features=12 stories=9
[01:29:14]   [2] audit
[01:29:14]   [3] MTI=0  gaps=0  covered=0/9
[01:29:14]   [4] PUT OK rv=6
[01:29:14] --- 28-rbac ---
[01:29:14]   [1] generate-plan --enrich
[01:29:14]   [1] features=20 stories=43
[01:29:14]   [2] audit
[01:29:14]   [3] MTI=0  gaps=0  covered=0/43
[01:29:14]   [4] PUT OK rv=6
[01:29:14] --- 29-foundry ---
[01:29:14]   [1] generate-plan --enrich
[01:29:14]   [1] features=21 stories=58
[01:29:14]   [2] audit
[01:29:14]   [3] MTI=67  gaps=0  covered=0/58
[01:29:15]   [4] PUT OK rv=6
[01:29:15] --- 30-ui-bench ---
[01:29:15]   [1] generate-plan --enrich
[01:29:15]   [1] WARN: no veritas-plan.json
[01:29:15]   [2] audit
[01:29:15]   [3] MTI=0  gaps=0  covered=0/0
[01:29:15]   [4] PUT OK rv=6
[01:29:15] --- 31-eva-faces ---
[01:29:15]   [1] generate-plan --enrich
[01:29:15]   [1] features=22 stories=74
[01:29:15]   [2] audit
[01:29:15]   [3] MTI=73  gaps=0  covered=0/74
[01:29:15]   [4] PUT OK rv=10
[01:29:15] --- 32-logging ---
[01:29:15]   [1] generate-plan --enrich
[01:29:15]   [1] WARN: no veritas-plan.json
[01:29:15]   [2] audit
[01:29:16]   [3] MTI=0  gaps=0  covered=0/0
[01:29:16]   [4] PUT OK rv=6
[01:29:16] --- 33-eva-brain-v2 ---
[01:29:16]   [1] generate-plan --enrich
[01:29:16]   [1] features=39 stories=111
[01:29:16]   [2] audit
[01:29:16]   [3] MTI=45  gaps=0  covered=0/111
[01:29:16]   [4] PUT OK rv=8
[01:29:16] --- 34-AIRA ---
[01:29:16]   [1] generate-plan --enrich
[01:29:16]   [1] WARN: no veritas-plan.json
[01:29:16]   [2] audit
[01:29:16]   [3] MTI=0  gaps=0  covered=0/0
[01:29:17]   [4] PUT OK rv=4
[01:29:17] --- 35-agentic-code-fixing ---
[01:29:17]   [1] generate-plan --enrich
[01:29:17]   [1] features=19 stories=24
[01:29:17]   [2] audit
[01:29:17]   [3] MTI=0  gaps=0  covered=0/24
[01:29:17]   [4] PUT OK rv=6
[01:29:17] --- 36-red-teaming ---
[01:29:17]   [1] generate-plan --enrich
[01:29:17]   [1] features=17 stories=14
[01:29:17]   [2] audit
[01:29:17]   [3] MTI=0  gaps=0  covered=0/14
[01:29:17]   [4] PUT OK rv=6
[01:29:17] --- 37-data-model ---
[01:29:17]   [1] generate-plan --enrich
[01:29:17]   [1] features=24 stories=61
[01:29:17]   [2] audit
[01:29:18]   [3] MTI=50  gaps=0  covered=0/61
[01:29:18]   [4] PUT OK rv=7
[01:29:18] --- 38-ado-poc ---
[01:29:18]   [1] generate-plan --enrich
[01:29:18]   [1] features=6 stories=13
[01:29:18]   [2] audit
[01:29:18]   [3] MTI=0  gaps=0  covered=0/13
[01:29:18]   [4] PUT OK rv=6
[01:29:18] --- 39-ado-dashboard ---
[01:29:18]   [1] generate-plan --enrich
[01:29:18]   [1] features=8 stories=26
[01:29:18]   [2] audit
[01:29:18]   [3] MTI=0  gaps=0  covered=0/26
[01:29:18]   [4] PUT OK rv=6
[01:29:18] --- 40-eva-control-plane ---
[01:29:18]   [1] generate-plan --enrich
[01:29:19]   [1] features=13 stories=10
[01:29:19]   [2] audit
[01:29:19]   [3] MTI=0  gaps=0  covered=0/10
[01:29:19]   [4] PUT OK rv=6
[01:29:19] --- 41-eva-cli ---
[01:29:19]   [1] generate-plan --enrich
[01:29:19]   [1] features=10 stories=12
[01:29:19]   [2] audit
[01:29:19]   [3] MTI=0  gaps=0  covered=0/12
[01:29:19]   [4] PUT OK rv=6
[01:29:19] --- 42-learn-foundry ---
[01:29:19]   [1] generate-plan --enrich
[01:29:19]   [1] features=23 stories=102
[01:29:19]   [2] audit
[01:29:19]   [3] MTI=0  gaps=0  covered=0/102
[01:29:20]   [4] PUT OK rv=6
[01:29:20] --- 43-spark ---
[01:29:20]   [1] generate-plan --enrich
[01:29:20]   [1] features=12 stories=5
[01:29:20]   [2] audit
[01:29:20]   [3] MTI=0  gaps=0  covered=0/5
[01:29:20]   [4] PUT OK rv=7
[01:29:20] --- 44-eva-jp-spark ---
[01:29:20]   [1] generate-plan --enrich
[01:29:20]   [1] features=9 stories=37
[01:29:20]   [2] audit
[01:29:20]   [3] MTI=2  gaps=0  covered=0/37
[01:29:20]   [4] PUT OK rv=8
[01:29:20] --- 45-aicoe-page ---
[01:29:20]   [1] generate-plan --enrich
[01:29:20]   [1] features=7 stories=26
[01:29:20]   [2] audit
[01:29:21]   [3] MTI=35  gaps=0  covered=0/26
[01:29:21]   [4] PUT OK rv=9
[01:29:21] --- 46-accelerator ---
[01:29:21]   [1] generate-plan --enrich
[01:29:21]   [1] features=6 stories=23
[01:29:21]   [2] audit
[01:29:21]   [3] MTI=70  gaps=0  covered=0/23
[01:29:21]   [4] PUT OK rv=6
[01:29:21] --- 47-eva-mti ---
[01:29:21]   [1] generate-plan --enrich
[01:29:21]   [1] features=3 stories=5
[01:29:21]   [2] audit
[01:29:21]   [3] MTI=0  gaps=0  covered=0/5
[01:29:22]   [4] PUT OK rv=7
[01:29:22] --- 48-eva-veritas ---
[01:29:22]   [1] generate-plan --enrich
[01:29:22]   [1] features=18 stories=66
[01:29:22]   [2] audit
[01:29:22]   [3] MTI=72  gaps=0  covered=0/66
[01:29:22]   [4] PUT OK rv=7
[01:29:22] --- 49-eva-dtl ---
[01:29:22]   [1] generate-plan --enrich
[01:29:22]   [1] features=8 stories=24
[01:29:22]   [2] audit
[01:29:22]   [3] MTI=88  gaps=0  covered=0/24
[01:29:22]   [4] PUT OK rv=8
[01:29:22] 
[01:29:22] === RESULTS TABLE ===
[01:29:22] 

[01:29:22] project                    mti gaps stories covered features in_model

[01:29:22] -------                    --- ---- ------- ------- -------- --------

[01:29:22] 01-documentation-generator   0    0   11.00       0       10     True

[01:29:22] 02-poc-agent-skills          0    0   18.00       0        8     True

[01:29:22] 03-poc-enhanced-docs         0    0   20.00       0        9     True

[01:29:22] 04-os-vnext                  0    0    0.00       0        4     True

[01:29:22] 05-extract-cases             0    0    8.00       0        8     True

[01:29:22] 06-jp-auto-extraction        0    0   34.00       0       16     True

[01:29:22] 07-foundation-layer          0    0   19.00       0        9     True

[01:29:22] 08-cds-rag                   0    0       0       0        0     True

[01:29:22] 09-eva-repo-documentation    0    0    6.00       0        4     True

[01:29:22] 10-mkdocs-poc                0    0   26.00       0       13     True

[01:29:22] 11-ms-infojp                 0    0  323.00       0       47     True

[01:29:22] 12-work-spc-reorg            0    0   40.00       0       12     True

[01:29:22] 13-vscode-tools              0    0   40.00       0       13     True

[01:29:22] 14-az-finops                 0    0   17.00       0        9     True

[01:29:22] 15-cdc                       0    0    1.00       0       10     True

[01:29:22] 16-engineered-case-law       0    0   17.00       0       14     True

[01:29:22] 17-apim                      0    0   18.00       0       13     True

[01:29:22] 18-azure-best                0    0       0       0        0     True

[01:29:22] 19-ai-gov                    0    0    7.00       0        2     True

[01:29:22] 20-AssistMe                  0    0   15.00       0       12     True

[01:29:22] 21-habit-tracker             0    0   31.00       0       12     True

[01:29:22] 22-rg-sandbox                0    0   29.00       0       13     True

[01:29:22] 23-ei-dsst-rewrite           0    0    4.00       0       14     True

[01:29:22] 24-eva-brain                 0    0   56.00       0       18     True

[01:29:22] 25-eva-suite                 0    0       0       0        0     True

[01:29:22] 26-eva-gh                    0    0       0       0        0     True

[01:29:22] 27-devbench                  0    0    9.00       0       12     True

[01:29:22] 28-rbac                      0    0   43.00       0       20     True

[01:29:22] 29-foundry                  67    0   58.00       0       21     True

[01:29:22] 30-ui-bench                  0    0       0       0        0     True

[01:29:22] 31-eva-faces                73    0   74.00       0       22     True

[01:29:22] 32-logging                   0    0       0       0        0     True

[01:29:22] 33-eva-brain-v2             45    0  111.00       0       39     True

[01:29:22] 34-AIRA                      0    0       0       0        0     True

[01:29:22] 35-agentic-code-fixing       0    0   24.00       0       19     True

[01:29:22] 36-red-teaming               0    0   14.00       0       17     True

[01:29:22] 37-data-model               50    0   61.00       0       24     True

[01:29:22] 38-ado-poc                   0    0   13.00       0        6     True

[01:29:22] 39-ado-dashboard             0    0   26.00       0        8     True

[01:29:22] 40-eva-control-plane         0    0   10.00       0       13     True

[01:29:22] 41-eva-cli                   0    0   12.00       0       10     True

[01:29:22] 42-learn-foundry             0    0  102.00       0       23     True

[01:29:22] 43-spark                     0    0    5.00       0       12     True

[01:29:22] 44-eva-jp-spark              2    0   37.00       0        9     True

[01:29:22] 45-aicoe-page               35    0   26.00       0        7     True

[01:29:22] 46-accelerator              70    0   23.00       0        6     True

[01:29:22] 47-eva-mti                   0    0    5.00       0        3     True

[01:29:22] 48-eva-veritas              72    0   66.00       0       18     True

[01:29:22] 49-eva-dtl                  88    0   24.00       0        8     True

[01:29:22] 

[01:29:22] 
[01:29:22] Results JSON: C:\AICOE\eva-foundation\48-eva-veritas\.evidence\20260225-sweep5\sweep5-results.json
[01:29:22] [5] POST admin/commit
[01:29:24] [5] status=FAIL violations=0 exported=963
[01:29:24] [PASS] Commit clean
[01:29:24] === sweep5 DONE 2026-02-25 01:29:24 ===
[01:29:24] Evidence dir: C:\AICOE\eva-foundation\48-eva-veritas\.evidence\20260225-sweep5
